#
# A fatal error has been detected by the Java Runtime Environment:
#
#  EXCEPTION_ACCESS_VIOLATION (0xc0000005) at pc=0x00007ffa8522d9b1, pid=4200, tid=8264
#
# JRE version: OpenJDK Runtime Environment (17.0.6) (build 17.0.6+0-b2043.56-9586694)
# Java VM: OpenJDK 64-Bit Server VM (17.0.6+0-b2043.56-9586694, mixed mode, tiered, compressed oops, compressed class ptrs, g1 gc, windows-amd64)
# Problematic frame:
# V  [jvm.dll+0x36d9b1]
#
# No core dump will be written. Minidumps are not enabled by default on client versions of Windows
#
# If you would like to submit a bug report, please visit:
#   https://bugreport.java.com/bugreport/crash.jsp
#

---------------  S U M M A R Y ------------

Command Line: --add-opens=java.base/java.util=ALL-UNNAMED --add-opens=java.base/java.lang=ALL-UNNAMED --add-opens=java.base/java.lang.invoke=ALL-UNNAMED --add-opens=java.prefs/java.util.prefs=ALL-UNNAMED --add-opens=java.base/java.nio.charset=ALL-UNNAMED --add-opens=java.base/java.net=ALL-UNNAMED --add-opens=java.base/java.util.concurrent.atomic=ALL-UNNAMED -Xmx2048m -Dfile.encoding=UTF-8 -Duser.country=IN -Duser.language=en -Duser.variant org.gradle.launcher.daemon.bootstrap.GradleDaemon 8.0

Host: Intel(R) Core(TM) i5-4200U CPU @ 1.60GHz, 4 cores, 11G,  Windows 10 , 64 bit Build 19041 (10.0.19041.3031)
Time: Sat Jun 17 17:55:21 2023 India Standard Time elapsed time: 57.553983 seconds (0d 0h 0m 57s)

---------------  T H R E A D  ---------------

Current thread (0x0000024036557ed0):  JavaThread "C2 CompilerThread1" daemon [_thread_in_native, id=8264, stack(0x000000f426900000,0x000000f426a00000)]


Current CompileTask:
C2:  57554 8756       4       com.google.common.collect.ImmutableSet$RegularSetBuilderImpl::add (68 bytes)

Stack: [0x000000f426900000,0x000000f426a00000],  sp=0x000000f4269fba40,  free space=1006k
Native frames: (J=compiled Java code, j=interpreted, Vv=VM code, C=native code)
V  [jvm.dll+0x36d9b1]
V  [jvm.dll+0x56c216]
V  [jvm.dll+0x1bd0cd]
V  [jvm.dll+0x21c359]
V  [jvm.dll+0x21b621]
V  [jvm.dll+0x1a4fdd]
V  [jvm.dll+0x22b098]
V  [jvm.dll+0x229159]
V  [jvm.dll+0x7f809c]
V  [jvm.dll+0x7f25fa]
V  [jvm.dll+0x682985]
C  [ucrtbase.dll+0x21bb2]
C  [KERNEL32.DLL+0x17614]
C  [ntdll.dll+0x526f1]


siginfo: EXCEPTION_ACCESS_VIOLATION (0xc0000005), writing address 0x00007ffa850511c8


Register to memory mapping:

RIP=0x00007ffa8522d9b1 jvm.dll
RAX=0x000000f4269fe910 is pointing into the stack for thread: 0x0000024036557ed0
RBX=0x00007ffa850511c8 jvm.dll
RCX=0x000002403bbc1de0 points into unknown readable memory: 0x000002403bbc1e00 | 00 1e bc 3b 40 02 00 00
RDX=0x0000000000000003 is an unknown value
RSP=0x000000f4269fba40 is pointing into the stack for thread: 0x0000024036557ed0
RBP=0x000002403673bae0 points into unknown readable memory: 0x0000000000000000 | 00 00 00 00 00 00 00 00
RSI=0x0 is NULL
RDI=0x0000024037345400 points into unknown readable memory: 0x0000001800000000 | 00 00 00 00 18 00 00 00
R8 =0x0 is NULL
R9 =0x000000f4269fbae8 is pointing into the stack for thread: 0x0000024036557ed0
R10=0x00007ffa85a511c8 jvm.dll
R11=0x000000f4269fba78 is pointing into the stack for thread: 0x0000024036557ed0
R12=0x0 is NULL
R13=0x000002403c26d5a0 points into unknown readable memory: 0x0000024000000006 | 06 00 00 00 40 02 00 00
R14=0x0000000000000050 is an unknown value
R15=0x0000000000000020 is an unknown value


Registers:
RAX=0x000000f4269fe910, RBX=0x00007ffa850511c8, RCX=0x000002403bbc1de0, RDX=0x0000000000000003
RSP=0x000000f4269fba40, RBP=0x000002403673bae0, RSI=0x0000000000000000, RDI=0x0000024037345400
R8 =0x0000000000000000, R9 =0x000000f4269fbae8, R10=0x00007ffa85a511c8, R11=0x000000f4269fba78
R12=0x0000000000000000, R13=0x000002403c26d5a0, R14=0x0000000000000050, R15=0x0000000000000020
RIP=0x00007ffa8522d9b1, EFLAGS=0x0000000000010202

Top of Stack: (sp=0x000000f4269fba40)
0x000000f4269fba40:   0000000000001525 000000f4269fbc90
0x000000f4269fba50:   0000024037823190 000000000000006d
0x000000f4269fba60:   000002403673bae0 000000000000013e
0x000000f4269fba70:   0000024037345400 00007ffa8542c216
0x000000f4269fba80:   0000000000000000 000000000000013e
0x000000f4269fba90:   000000f4269fbc90 0000000000000000
0x000000f4269fbaa0:   00000240347c8358 0000000000000020
0x000000f4269fbab0:   0000024037823190 0000000000000368
0x000000f4269fbac0:   000002403c26d5a0 0000024037765a20
0x000000f4269fbad0:   00000000001e5c20 0000024037766c70
0x000000f4269fbae0:   000002403776da08 00007ffa00000040
0x000000f4269fbaf0:   000002403a11ba60 0000000000000040
0x000000f4269fbb00:   000002403c26d5a0 0000000000000000
0x000000f4269fbb10:   00000000000fe970 0000024039a3f410
0x000000f4269fbb20:   0000024039a3f420 0000024032c6c780
0x000000f4269fbb30:   00000000000003d8 0000000000000000 

Instructions: (pc=0x00007ffa8522d9b1)
0x00007ffa8522d8b1:   18 48 8b 88 d0 04 00 00 48 8b 99 80 00 00 00 48
0x00007ffa8522d8c1:   8b 83 d0 08 00 00 48 85 c0 75 0c e8 ef 09 00 00
0x00007ffa8522d8d1:   48 8b 83 d0 08 00 00 48 8b 08 0f 57 c0 48 89 8b
0x00007ffa8522d8e1:   d0 08 00 00 0f 11 00 0f 11 40 10 48 83 c4 20 5b
0x00007ffa8522d8f1:   c3 cc cc cc cc cc cc cc cc cc cc cc cc cc cc 48
0x00007ffa8522d901:   89 5c 24 08 57 48 83 ec 20 8b da 48 8b f9 e8 6c
0x00007ffa8522d911:   ff ff ff c1 eb 08 3b 5f 04 72 08 44 8d 43 01 44
0x00007ffa8522d921:   89 47 04 48 8b 4f 08 48 89 04 d9 48 8b 5c 24 30
0x00007ffa8522d931:   48 83 c4 20 5f c3 cc cc cc cc cc cc cc cc cc 48
0x00007ffa8522d941:   89 5c 24 08 48 89 6c 24 10 48 89 74 24 18 57 41
0x00007ffa8522d951:   56 41 57 48 83 ec 20 8b c2 48 8b f9 8b 15 55 20
0x00007ffa8522d961:   86 00 41 be 50 00 00 00 48 8d 34 c5 00 00 00 00
0x00007ffa8522d971:   48 8b 41 08 48 8b 1c 06 65 48 8b 04 25 58 00 00
0x00007ffa8522d981:   00 48 8b 2c d0 41 80 3c 2e 00 75 05 e8 ae fd 52
0x00007ffa8522d991:   00 41 bf 20 00 00 00 49 8b 04 2f 48 8b 88 d0 04
0x00007ffa8522d9a1:   00 00 48 8b 81 80 00 00 00 48 8b 88 d0 08 00 00
0x00007ffa8522d9b1:   48 89 0b 41 80 3c 2e 00 75 05 e8 80 fd 52 00 49
0x00007ffa8522d9c1:   8b 04 2f 48 8b 6c 24 48 48 8b 88 d0 04 00 00 48
0x00007ffa8522d9d1:   8b 81 80 00 00 00 48 8d 0d ea 37 82 00 48 89 98
0x00007ffa8522d9e1:   d0 08 00 00 48 8b 47 08 48 8b 5c 24 40 48 89 0c
0x00007ffa8522d9f1:   06 48 8b 74 24 50 48 83 c4 20 41 5f 41 5e 5f c3
0x00007ffa8522da01:   cc cc cc cc cc cc cc cc cc cc cc cc cc cc cc 48
0x00007ffa8522da11:   89 5c 24 18 57 48 83 ec 20 81 c2 ff 00 00 00 33
0x00007ffa8522da21:   db c1 ea 08 48 8b f9 48 89 19 89 91 90 00 00 00
0x00007ffa8522da31:   83 fa 10 77 09 48 83 c1 10 e9 a6 00 00 00 65 48
0x00007ffa8522da41:   8b 04 25 58 00 00 00 8b 0d 6a 1f 86 00 48 89 6c
0x00007ffa8522da51:   24 30 48 89 74 24 38 48 8b 34 c8 b8 50 00 00 00
0x00007ffa8522da61:   38 1c 30 75 0b e8 d5 fc 52 00 8b 97 90 00 00 00
0x00007ffa8522da71:   b8 20 00 00 00 8b ea 48 c1 e5 03 48 8b 04 30 48
0x00007ffa8522da81:   8b 88 d0 04 00 00 48 8b 81 80 00 00 00 48 8b b0
0x00007ffa8522da91:   c8 08 00 00 48 8b c5 48 f7 d0 48 8b 4e 18 48 3b
0x00007ffa8522daa1:   c1 73 16 4c 8d 05 8d 7a 5b 00 48 8b d5 48 8b ce 


Stack slot to memory mapping:
stack at sp + 0 slots: 0x0000000000001525 is an unknown value
stack at sp + 1 slots: 0x000000f4269fbc90 is pointing into the stack for thread: 0x0000024036557ed0
stack at sp + 2 slots: 0x0000024037823190 points into unknown readable memory: 0x0000000000000000 | 00 00 00 00 00 00 00 00
stack at sp + 3 slots: 0x000000000000006d is an unknown value
stack at sp + 4 slots: 0x000002403673bae0 points into unknown readable memory: 0x0000000000000000 | 00 00 00 00 00 00 00 00
stack at sp + 5 slots: 0x000000000000013e is an unknown value
stack at sp + 6 slots: 0x0000024037345400 points into unknown readable memory: 0x0000001800000000 | 00 00 00 00 18 00 00 00
stack at sp + 7 slots: 0x00007ffa8542c216 jvm.dll


---------------  P R O C E S S  ---------------

Threads class SMR info:
_java_thread_list=0x000002403c3d6850, length=81, elements={
0x000002401982d190, 0x0000024032e21c90, 0x0000024032e25e30, 0x000002403383c3c0,
0x000002403383fda0, 0x0000024033840c70, 0x0000024033841530, 0x000002403384b330,
0x0000024033853cf0, 0x0000024033866dc0, 0x00000240339e8020, 0x00000240339ea930,
0x00000240352a91d0, 0x0000024034e5d310, 0x00000240363d7420, 0x000002403529fba0,
0x0000024034831e40, 0x0000024035f671e0, 0x0000024034fb62f0, 0x0000024034b90a30,
0x0000024034b92240, 0x0000024034b91d70, 0x0000024034b930b0, 0x0000024034b92710,
0x0000024034b92be0, 0x0000024034b93580, 0x0000024034b90090, 0x0000024034b8fbc0,
0x0000024034b90560, 0x0000024034b90f00, 0x0000024034b913d0, 0x0000024036acf080,
0x0000024036acc530, 0x0000024036acebb0, 0x0000024036acd870, 0x0000024036acced0,
0x0000024036acdd40, 0x0000024036ace6e0, 0x0000024036acfa20, 0x0000024036acd3a0,
0x000002403607b220, 0x0000024036079ee0, 0x000002403607a3b0, 0x000002403607c090,
0x000002403607b6f0, 0x000002403607a880, 0x000002403607bbc0, 0x0000024036079a10,
0x000002403607ad50, 0x000002403607c560, 0x000002403607ca30, 0x0000024036079070,
0x0000024036079540, 0x0000024034c58a30, 0x0000024034c5a710, 0x0000024034c58090,
0x0000024034c5c8c0, 0x0000024034c58560, 0x0000024034c5cd90, 0x0000024034c5d260,
0x0000024034c5b0b0, 0x0000024034c5b580, 0x0000024034c5d730, 0x0000024034c5dc00,
0x0000024034c5a240, 0x0000024034c57bc0, 0x0000024034c5abe0, 0x0000024034c5e0d0,
0x0000024034c58f00, 0x0000024034c5ba50, 0x0000024034c5e5a0, 0x0000024034c5c3f0,
0x0000024034c593d0, 0x0000024034c5ea70, 0x0000024034c598a0, 0x0000024034c59d70,
0x0000024034c576f0, 0x0000024034c5bf20, 0x0000024034c5ef40, 0x0000024037902de0,
0x0000024036557ed0
}

Java Threads: ( => current thread )
  0x000002401982d190 JavaThread "main" [_thread_blocked, id=9140, stack(0x000000f420d00000,0x000000f420e00000)]
  0x0000024032e21c90 JavaThread "Reference Handler" daemon [_thread_blocked, id=6964, stack(0x000000f421400000,0x000000f421500000)]
  0x0000024032e25e30 JavaThread "Finalizer" daemon [_thread_blocked, id=6780, stack(0x000000f421500000,0x000000f421600000)]
  0x000002403383c3c0 JavaThread "Signal Dispatcher" daemon [_thread_blocked, id=8028, stack(0x000000f421600000,0x000000f421700000)]
  0x000002403383fda0 JavaThread "Attach Listener" daemon [_thread_blocked, id=1680, stack(0x000000f421700000,0x000000f421800000)]
  0x0000024033840c70 JavaThread "Service Thread" daemon [_thread_blocked, id=8076, stack(0x000000f421800000,0x000000f421900000)]
  0x0000024033841530 JavaThread "Monitor Deflation Thread" daemon [_thread_blocked, id=1136, stack(0x000000f421900000,0x000000f421a00000)]
  0x000002403384b330 JavaThread "C2 CompilerThread0" daemon [_thread_in_vm, id=2916, stack(0x000000f421a00000,0x000000f421b00000)]
  0x0000024033853cf0 JavaThread "C1 CompilerThread0" daemon [_thread_blocked, id=1792, stack(0x000000f421b00000,0x000000f421c00000)]
  0x0000024033866dc0 JavaThread "Sweeper thread" daemon [_thread_blocked, id=2420, stack(0x000000f421c00000,0x000000f421d00000)]
  0x00000240339e8020 JavaThread "Common-Cleaner" daemon [_thread_blocked, id=6716, stack(0x000000f421d00000,0x000000f421e00000)]
  0x00000240339ea930 JavaThread "Notification Thread" daemon [_thread_blocked, id=8064, stack(0x000000f421e00000,0x000000f421f00000)]
  0x00000240352a91d0 JavaThread "Daemon health stats" [_thread_blocked, id=8840, stack(0x000000f422400000,0x000000f422500000)]
  0x0000024034e5d310 JavaThread "Incoming local TCP Connector on port 50139" [_thread_in_native, id=8188, stack(0x000000f422500000,0x000000f422600000)]
  0x00000240363d7420 JavaThread "Daemon periodic checks" [_thread_blocked, id=5572, stack(0x000000f422600000,0x000000f422700000)]
  0x000002403529fba0 JavaThread "Daemon" [_thread_blocked, id=5776, stack(0x000000f422700000,0x000000f422800000)]
  0x0000024034831e40 JavaThread "Handler for socket connection from /127.0.0.1:50139 to /127.0.0.1:50140" [_thread_in_native, id=1548, stack(0x000000f422800000,0x000000f422900000)]
  0x0000024035f671e0 JavaThread "Cancel handler" [_thread_blocked, id=5612, stack(0x000000f422000000,0x000000f422100000)]
  0x0000024034fb62f0 JavaThread "Daemon worker" [_thread_in_vm, id=6848, stack(0x000000f422900000,0x000000f422a00000)]
  0x0000024034b90a30 JavaThread "Asynchronous log dispatcher for DefaultDaemonConnection: socket connection from /127.0.0.1:50139 to /127.0.0.1:50140" [_thread_blocked, id=8724, stack(0x000000f422a00000,0x000000f422b00000)]
  0x0000024034b92240 JavaThread "Stdin handler" [_thread_blocked, id=5824, stack(0x000000f422b00000,0x000000f422c00000)]
  0x0000024034b91d70 JavaThread "Daemon client event forwarder" [_thread_blocked, id=7964, stack(0x000000f422c00000,0x000000f422d00000)]
  0x0000024034b930b0 JavaThread "Cache worker for journal cache (C:\Users\Ronak\.gradle\caches\journal-1)" [_thread_blocked, id=1196, stack(0x000000f422d00000,0x000000f422e00000)]
  0x0000024034b92710 JavaThread "File lock request listener" [_thread_in_native, id=5696, stack(0x000000f422e00000,0x000000f422f00000)]
  0x0000024034b92be0 JavaThread "Cache worker for file hash cache (C:\Users\Ronak\.gradle\caches\8.0\fileHashes)" [_thread_blocked, id=7000, stack(0x000000f422f00000,0x000000f423000000)]
  0x0000024034b93580 JavaThread "File watcher server" daemon [_thread_in_native, id=8232, stack(0x000000f423000000,0x000000f423100000)]
  0x0000024034b90090 JavaThread "File watcher consumer" daemon [_thread_blocked, id=8740, stack(0x000000f423100000,0x000000f423200000)]
  0x0000024034b8fbc0 JavaThread "jar transforms" [_thread_blocked, id=5524, stack(0x000000f423300000,0x000000f423400000)]
  0x0000024034b90560 JavaThread "jar transforms Thread 2" [_thread_blocked, id=8760, stack(0x000000f423400000,0x000000f423500000)]
  0x0000024034b90f00 JavaThread "jar transforms Thread 3" [_thread_blocked, id=2924, stack(0x000000f423500000,0x000000f423600000)]
  0x0000024034b913d0 JavaThread "jar transforms Thread 4" [_thread_blocked, id=5644, stack(0x000000f423600000,0x000000f423700000)]
  0x0000024036acf080 JavaThread "Cache worker for checksums cache (C:\Users\Ronak\Noting\.gradle\8.0\checksums)" [_thread_blocked, id=7652, stack(0x000000f423700000,0x000000f423800000)]
  0x0000024036acc530 JavaThread "Cache worker for cache directory md-rule (C:\Users\Ronak\.gradle\caches\8.0\md-rule)" [_thread_blocked, id=5116, stack(0x000000f423800000,0x000000f423900000)]
  0x0000024036acebb0 JavaThread "Cache worker for file content cache (C:\Users\Ronak\.gradle\caches\8.0\fileContent)" [_thread_blocked, id=6904, stack(0x000000f423900000,0x000000f423a00000)]
  0x0000024036acd870 JavaThread "Cache worker for file hash cache (C:\Users\Ronak\Noting\.gradle\8.0\fileHashes)" [_thread_blocked, id=7524, stack(0x000000f423a00000,0x000000f423b00000)]
  0x0000024036acced0 JavaThread "Cache worker for cache directory md-supplier (C:\Users\Ronak\.gradle\caches\8.0\md-supplier)" [_thread_blocked, id=1868, stack(0x000000f423b00000,0x000000f423c00000)]
  0x0000024036acdd40 JavaThread "Cache worker for execution history cache (C:\Users\Ronak\.gradle\caches\8.0\executionHistory)" [_thread_blocked, id=6564, stack(0x000000f423c00000,0x000000f423d00000)]
  0x0000024036ace6e0 JavaThread "Cache worker for dependencies-accessors (C:\Users\Ronak\Noting\.gradle\8.0\dependencies-accessors)" [_thread_blocked, id=1412, stack(0x000000f423e00000,0x000000f423f00000)]
  0x0000024036acfa20 JavaThread "Cache worker for Build Output Cleanup Cache (C:\Users\Ronak\Noting\.gradle\buildOutputCleanup)" [_thread_blocked, id=6424, stack(0x000000f423f00000,0x000000f424000000)]
  0x0000024036acd3a0 JavaThread "Unconstrained build operations" [_thread_blocked, id=8988, stack(0x000000f423d00000,0x000000f423e00000)]
  0x000002403607b220 JavaThread "Unconstrained build operations Thread 2" [_thread_blocked, id=9056, stack(0x000000f424100000,0x000000f424200000)]
  0x0000024036079ee0 JavaThread "Unconstrained build operations Thread 3" [_thread_blocked, id=6084, stack(0x000000f424200000,0x000000f424300000)]
  0x000002403607a3b0 JavaThread "Unconstrained build operations Thread 4" [_thread_blocked, id=3636, stack(0x000000f424300000,0x000000f424400000)]
  0x000002403607c090 JavaThread "Unconstrained build operations Thread 5" [_thread_blocked, id=3040, stack(0x000000f424400000,0x000000f424500000)]
  0x000002403607b6f0 JavaThread "Unconstrained build operations Thread 6" [_thread_blocked, id=4748, stack(0x000000f424500000,0x000000f424600000)]
  0x000002403607a880 JavaThread "Unconstrained build operations Thread 7" [_thread_blocked, id=4616, stack(0x000000f424600000,0x000000f424700000)]
  0x000002403607bbc0 JavaThread "Unconstrained build operations Thread 8" [_thread_blocked, id=8604, stack(0x000000f424700000,0x000000f424800000)]
  0x0000024036079a10 JavaThread "Unconstrained build operations Thread 9" [_thread_blocked, id=8376, stack(0x000000f424800000,0x000000f424900000)]
  0x000002403607ad50 JavaThread "Unconstrained build operations Thread 10" [_thread_blocked, id=4372, stack(0x000000f424900000,0x000000f424a00000)]
  0x000002403607c560 JavaThread "Unconstrained build operations Thread 11" [_thread_blocked, id=6220, stack(0x000000f424a00000,0x000000f424b00000)]
  0x000002403607ca30 JavaThread "Unconstrained build operations Thread 12" [_thread_blocked, id=6988, stack(0x000000f424b00000,0x000000f424c00000)]
  0x0000024036079070 JavaThread "Unconstrained build operations Thread 13" [_thread_blocked, id=5520, stack(0x000000f424c00000,0x000000f424d00000)]
  0x0000024036079540 JavaThread "Unconstrained build operations Thread 14" [_thread_blocked, id=5772, stack(0x000000f424d00000,0x000000f424e00000)]
  0x0000024034c58a30 JavaThread "Unconstrained build operations Thread 15" [_thread_blocked, id=8040, stack(0x000000f424e00000,0x000000f424f00000)]
  0x0000024034c5a710 JavaThread "Unconstrained build operations Thread 16" [_thread_blocked, id=9184, stack(0x000000f424f00000,0x000000f425000000)]
  0x0000024034c58090 JavaThread "Unconstrained build operations Thread 17" [_thread_blocked, id=7860, stack(0x000000f425000000,0x000000f425100000)]
  0x0000024034c5c8c0 JavaThread "Unconstrained build operations Thread 18" [_thread_blocked, id=8624, stack(0x000000f425100000,0x000000f425200000)]
  0x0000024034c58560 JavaThread "Unconstrained build operations Thread 19" [_thread_blocked, id=3988, stack(0x000000f425200000,0x000000f425300000)]
  0x0000024034c5cd90 JavaThread "Unconstrained build operations Thread 20" [_thread_blocked, id=8300, stack(0x000000f425300000,0x000000f425400000)]
  0x0000024034c5d260 JavaThread "Unconstrained build operations Thread 21" [_thread_blocked, id=5312, stack(0x000000f425400000,0x000000f425500000)]
  0x0000024034c5b0b0 JavaThread "Unconstrained build operations Thread 22" [_thread_blocked, id=4724, stack(0x000000f425500000,0x000000f425600000)]
  0x0000024034c5b580 JavaThread "Unconstrained build operations Thread 23" [_thread_blocked, id=6444, stack(0x000000f425600000,0x000000f425700000)]
  0x0000024034c5d730 JavaThread "Unconstrained build operations Thread 24" [_thread_blocked, id=580, stack(0x000000f425700000,0x000000f425800000)]
  0x0000024034c5dc00 JavaThread "Unconstrained build operations Thread 25" [_thread_blocked, id=8588, stack(0x000000f425800000,0x000000f425900000)]
  0x0000024034c5a240 JavaThread "Unconstrained build operations Thread 26" [_thread_blocked, id=1920, stack(0x000000f425900000,0x000000f425a00000)]
  0x0000024034c57bc0 JavaThread "Unconstrained build operations Thread 27" [_thread_blocked, id=2744, stack(0x000000f425a00000,0x000000f425b00000)]
  0x0000024034c5abe0 JavaThread "Unconstrained build operations Thread 28" [_thread_blocked, id=6888, stack(0x000000f425b00000,0x000000f425c00000)]
  0x0000024034c5e0d0 JavaThread "Unconstrained build operations Thread 29" [_thread_blocked, id=7816, stack(0x000000f425c00000,0x000000f425d00000)]
  0x0000024034c58f00 JavaThread "Unconstrained build operations Thread 30" [_thread_blocked, id=6052, stack(0x000000f425d00000,0x000000f425e00000)]
  0x0000024034c5ba50 JavaThread "Unconstrained build operations Thread 31" [_thread_blocked, id=7404, stack(0x000000f425e00000,0x000000f425f00000)]
  0x0000024034c5e5a0 JavaThread "Unconstrained build operations Thread 32" [_thread_blocked, id=4916, stack(0x000000f425f00000,0x000000f426000000)]
  0x0000024034c5c3f0 JavaThread "Unconstrained build operations Thread 33" [_thread_blocked, id=316, stack(0x000000f426000000,0x000000f426100000)]
  0x0000024034c593d0 JavaThread "Unconstrained build operations Thread 34" [_thread_blocked, id=3444, stack(0x000000f426100000,0x000000f426200000)]
  0x0000024034c5ea70 JavaThread "Unconstrained build operations Thread 35" [_thread_blocked, id=7028, stack(0x000000f426200000,0x000000f426300000)]
  0x0000024034c598a0 JavaThread "Unconstrained build operations Thread 36" [_thread_blocked, id=8248, stack(0x000000f426300000,0x000000f426400000)]
  0x0000024034c59d70 JavaThread "Unconstrained build operations Thread 37" [_thread_blocked, id=7708, stack(0x000000f426400000,0x000000f426500000)]
  0x0000024034c576f0 JavaThread "Unconstrained build operations Thread 38" [_thread_blocked, id=5512, stack(0x000000f426500000,0x000000f426600000)]
  0x0000024034c5bf20 JavaThread "Unconstrained build operations Thread 39" [_thread_blocked, id=5656, stack(0x000000f426600000,0x000000f426700000)]
  0x0000024034c5ef40 JavaThread "Unconstrained build operations Thread 40" [_thread_blocked, id=6148, stack(0x000000f426700000,0x000000f426800000)]
  0x0000024037902de0 JavaThread "Memory manager" [_thread_blocked, id=3384, stack(0x000000f426a00000,0x000000f426b00000)]
=>0x0000024036557ed0 JavaThread "C2 CompilerThread1" daemon [_thread_in_native, id=8264, stack(0x000000f426900000,0x000000f426a00000)]

Other Threads:
  0x0000024032dbe5e0 VMThread "VM Thread" [stack: 0x000000f421300000,0x000000f421400000] [id=7868]
  0x00000240339ece10 WatcherThread [stack: 0x000000f421f00000,0x000000f422000000] [id=6732]
  0x0000024019888080 GCTaskThread "GC Thread#0" [stack: 0x000000f420e00000,0x000000f420f00000] [id=2164]
  0x0000024033ca7940 GCTaskThread "GC Thread#1" [stack: 0x000000f422100000,0x000000f422200000] [id=7780]
  0x0000024033ca7bf0 GCTaskThread "GC Thread#2" [stack: 0x000000f422200000,0x000000f422300000] [id=7148]
  0x0000024033ca7ea0 GCTaskThread "GC Thread#3" [stack: 0x000000f422300000,0x000000f422400000] [id=2944]
  0x0000024019898ed0 ConcurrentGCThread "G1 Main Marker" [stack: 0x000000f420f00000,0x000000f421000000] [id=5432]
  0x0000024019899f90 ConcurrentGCThread "G1 Conc#0" [stack: 0x000000f421000000,0x000000f421100000] [id=1572]
  0x00000240198fda00 ConcurrentGCThread "G1 Refine#0" [stack: 0x000000f421100000,0x000000f421200000] [id=9172]
  0x0000024036eea810 ConcurrentGCThread "G1 Refine#1" [stack: 0x000000f423200000,0x000000f423300000] [id=1872]
  0x00000240198fe330 ConcurrentGCThread "G1 Service" [stack: 0x000000f421200000,0x000000f421300000] [id=7068]

Threads with active compile tasks:
C2 CompilerThread0    57612 8789   !   4       java.util.zip.ZipFile::getInputStream (275 bytes)
C2 CompilerThread1    57612 8756       4       com.google.common.collect.ImmutableSet$RegularSetBuilderImpl::add (68 bytes)

VM state: not at safepoint (normal execution)

VM Mutex/Monitor currently owned by a thread: None

Heap address: 0x0000000080000000, size: 2048 MB, Compressed Oops mode: 32-bit

CDS archive(s) not mapped
Compressed class space mapped at: 0x0000000100000000-0x0000000140000000, reserved size: 1073741824
Narrow klass base: 0x0000000000000000, Narrow klass shift: 3, Narrow klass range: 0x140000000

GC Precious Log:
 CPUs: 4 total, 4 available
 Memory: 12169M
 Large Page Support: Disabled
 NUMA Support: Disabled
 Compressed Oops: Enabled (32-bit)
 Heap Region Size: 1M
 Heap Min Capacity: 8M
 Heap Initial Capacity: 192M
 Heap Max Capacity: 2G
 Pre-touch: Disabled
 Parallel Workers: 4
 Concurrent Workers: 1
 Concurrent Refinement Workers: 4
 Periodic GC: Disabled

Heap:
 garbage-first heap   total 224256K, used 139860K [0x0000000080000000, 0x0000000100000000)
  region size 1024K, 9 young (9216K), 3 survivors (3072K)
 Metaspace       used 83067K, committed 83712K, reserved 1122304K
  class space    used 11049K, committed 11328K, reserved 1048576K

Heap Regions: E=young(eden), S=young(survivor), O=old, HS=humongous(starts), HC=humongous(continues), CS=collection set, F=free, OA=open archive, CA=closed archive, TAMS=top-at-mark-start (previous, next)
|   0|0x0000000080000000, 0x0000000080100000, 0x0000000080100000|100%| O|  |TAMS 0x0000000080100000, 0x0000000080000000| Untracked 
|   1|0x0000000080100000, 0x0000000080200000, 0x0000000080200000|100%| O|  |TAMS 0x0000000080200000, 0x0000000080100000| Untracked 
|   2|0x0000000080200000, 0x0000000080300000, 0x0000000080300000|100%|HS|  |TAMS 0x0000000080300000, 0x0000000080200000| Complete 
|   3|0x0000000080300000, 0x0000000080400000, 0x0000000080400000|100%|HC|  |TAMS 0x0000000080400000, 0x0000000080300000| Complete 
|   4|0x0000000080400000, 0x0000000080500000, 0x0000000080500000|100%|HC|  |TAMS 0x0000000080500000, 0x0000000080400000| Complete 
|   5|0x0000000080500000, 0x0000000080600000, 0x0000000080600000|100%|HC|  |TAMS 0x0000000080600000, 0x0000000080500000| Complete 
|   6|0x0000000080600000, 0x0000000080700000, 0x0000000080700000|100%| O|  |TAMS 0x0000000080700000, 0x0000000080600000| Untracked 
|   7|0x0000000080700000, 0x0000000080800000, 0x0000000080800000|100%| O|  |TAMS 0x0000000080800000, 0x0000000080700000| Untracked 
|   8|0x0000000080800000, 0x0000000080900000, 0x0000000080900000|100%| O|  |TAMS 0x0000000080900000, 0x0000000080800000| Untracked 
|   9|0x0000000080900000, 0x0000000080a00000, 0x0000000080a00000|100%| O|  |TAMS 0x0000000080a00000, 0x0000000080900000| Untracked 
|  10|0x0000000080a00000, 0x0000000080b00000, 0x0000000080b00000|100%| O|  |TAMS 0x0000000080b00000, 0x0000000080a00000| Untracked 
|  11|0x0000000080b00000, 0x0000000080c00000, 0x0000000080c00000|100%| O|  |TAMS 0x0000000080c00000, 0x0000000080b00000| Untracked 
|  12|0x0000000080c00000, 0x0000000080d00000, 0x0000000080d00000|100%| O|  |TAMS 0x0000000080d00000, 0x0000000080c00000| Untracked 
|  13|0x0000000080d00000, 0x0000000080e00000, 0x0000000080e00000|100%| O|  |TAMS 0x0000000080e00000, 0x0000000080d00000| Untracked 
|  14|0x0000000080e00000, 0x0000000080f00000, 0x0000000080f00000|100%| O|  |TAMS 0x0000000080f00000, 0x0000000080e00000| Untracked 
|  15|0x0000000080f00000, 0x0000000081000000, 0x0000000081000000|100%| O|  |TAMS 0x0000000081000000, 0x0000000080f00000| Untracked 
|  16|0x0000000081000000, 0x0000000081100000, 0x0000000081100000|100%| O|  |TAMS 0x0000000081100000, 0x0000000081000000| Untracked 
|  17|0x0000000081100000, 0x0000000081200000, 0x0000000081200000|100%| O|  |TAMS 0x0000000081200000, 0x0000000081100000| Untracked 
|  18|0x0000000081200000, 0x0000000081300000, 0x0000000081300000|100%| O|  |TAMS 0x0000000081300000, 0x0000000081200000| Untracked 
|  19|0x0000000081300000, 0x0000000081400000, 0x0000000081400000|100%|HS|  |TAMS 0x0000000081400000, 0x0000000081300000| Complete 
|  20|0x0000000081400000, 0x0000000081500000, 0x0000000081500000|100%|HC|  |TAMS 0x0000000081500000, 0x0000000081400000| Complete 
|  21|0x0000000081500000, 0x0000000081600000, 0x0000000081600000|100%|HS|  |TAMS 0x0000000081600000, 0x0000000081500000| Complete 
|  22|0x0000000081600000, 0x0000000081700000, 0x0000000081700000|100%|HC|  |TAMS 0x0000000081700000, 0x0000000081600000| Complete 
|  23|0x0000000081700000, 0x0000000081800000, 0x0000000081800000|100%|HC|  |TAMS 0x0000000081800000, 0x0000000081700000| Complete 
|  24|0x0000000081800000, 0x0000000081900000, 0x0000000081900000|100%| O|  |TAMS 0x0000000081900000, 0x0000000081800000| Untracked 
|  25|0x0000000081900000, 0x0000000081a00000, 0x0000000081a00000|100%| O|  |TAMS 0x0000000081a00000, 0x0000000081900000| Untracked 
|  26|0x0000000081a00000, 0x0000000081b00000, 0x0000000081b00000|100%| O|  |TAMS 0x0000000081b00000, 0x0000000081a00000| Untracked 
|  27|0x0000000081b00000, 0x0000000081c00000, 0x0000000081c00000|100%|HS|  |TAMS 0x0000000081c00000, 0x0000000081b00000| Complete 
|  28|0x0000000081c00000, 0x0000000081d00000, 0x0000000081d00000|100%|HC|  |TAMS 0x0000000081d00000, 0x0000000081c00000| Complete 
|  29|0x0000000081d00000, 0x0000000081e00000, 0x0000000081e00000|100%|HC|  |TAMS 0x0000000081e00000, 0x0000000081d00000| Complete 
|  30|0x0000000081e00000, 0x0000000081f00000, 0x0000000081f00000|100%|HS|  |TAMS 0x0000000081f00000, 0x0000000081e00000| Complete 
|  31|0x0000000081f00000, 0x0000000082000000, 0x0000000082000000|100%|HC|  |TAMS 0x0000000082000000, 0x0000000081f00000| Complete 
|  32|0x0000000082000000, 0x0000000082100000, 0x0000000082100000|100%| O|  |TAMS 0x0000000082100000, 0x0000000082000000| Untracked 
|  33|0x0000000082100000, 0x0000000082200000, 0x0000000082200000|100%| O|  |TAMS 0x0000000082100000, 0x0000000082100000| Untracked 
|  34|0x0000000082200000, 0x0000000082300000, 0x0000000082300000|100%| O|  |TAMS 0x0000000082300000, 0x0000000082200000| Untracked 
|  35|0x0000000082300000, 0x0000000082400000, 0x0000000082400000|100%| O|  |TAMS 0x0000000082400000, 0x0000000082300000| Untracked 
|  36|0x0000000082400000, 0x0000000082500000, 0x0000000082500000|100%|HS|  |TAMS 0x0000000082500000, 0x0000000082400000| Complete 
|  37|0x0000000082500000, 0x0000000082600000, 0x0000000082600000|100%|HC|  |TAMS 0x0000000082600000, 0x0000000082500000| Complete 
|  38|0x0000000082600000, 0x0000000082700000, 0x0000000082700000|100%|HS|  |TAMS 0x0000000082700000, 0x0000000082600000| Complete 
|  39|0x0000000082700000, 0x0000000082800000, 0x0000000082800000|100%|HC|  |TAMS 0x0000000082800000, 0x0000000082700000| Complete 
|  40|0x0000000082800000, 0x0000000082900000, 0x0000000082900000|100%|HC|  |TAMS 0x0000000082900000, 0x0000000082800000| Complete 
|  41|0x0000000082900000, 0x0000000082a00000, 0x0000000082a00000|100%|HC|  |TAMS 0x0000000082a00000, 0x0000000082900000| Complete 
|  42|0x0000000082a00000, 0x0000000082b00000, 0x0000000082b00000|100%|HC|  |TAMS 0x0000000082b00000, 0x0000000082a00000| Complete 
|  43|0x0000000082b00000, 0x0000000082c00000, 0x0000000082c00000|100%|HC|  |TAMS 0x0000000082c00000, 0x0000000082b00000| Complete 
|  44|0x0000000082c00000, 0x0000000082d00000, 0x0000000082d00000|100%|HS|  |TAMS 0x0000000082d00000, 0x0000000082c00000| Complete 
|  45|0x0000000082d00000, 0x0000000082e00000, 0x0000000082e00000|100%| O|  |TAMS 0x0000000082e00000, 0x0000000082d00000| Untracked 
|  46|0x0000000082e00000, 0x0000000082f00000, 0x0000000082f00000|100%|HS|  |TAMS 0x0000000082f00000, 0x0000000082e00000| Complete 
|  47|0x0000000082f00000, 0x0000000083000000, 0x0000000083000000|100%|HC|  |TAMS 0x0000000083000000, 0x0000000082f00000| Complete 
|  48|0x0000000083000000, 0x0000000083100000, 0x0000000083100000|100%|HC|  |TAMS 0x0000000083100000, 0x0000000083000000| Complete 
|  49|0x0000000083100000, 0x0000000083200000, 0x0000000083200000|100%|HC|  |TAMS 0x0000000083200000, 0x0000000083100000| Complete 
|  50|0x0000000083200000, 0x0000000083300000, 0x0000000083300000|100%|HC|  |TAMS 0x0000000083300000, 0x0000000083200000| Complete 
|  51|0x0000000083300000, 0x0000000083400000, 0x0000000083400000|100%|HC|  |TAMS 0x0000000083400000, 0x0000000083300000| Complete 
|  52|0x0000000083400000, 0x0000000083500000, 0x0000000083500000|100%|HC|  |TAMS 0x0000000083500000, 0x0000000083400000| Complete 
|  53|0x0000000083500000, 0x0000000083600000, 0x0000000083600000|100%|HC|  |TAMS 0x0000000083600000, 0x0000000083500000| Complete 
|  54|0x0000000083600000, 0x0000000083700000, 0x0000000083700000|100%|HC|  |TAMS 0x0000000083700000, 0x0000000083600000| Complete 
|  55|0x0000000083700000, 0x0000000083800000, 0x0000000083800000|100%|HC|  |TAMS 0x0000000083800000, 0x0000000083700000| Complete 
|  56|0x0000000083800000, 0x0000000083900000, 0x0000000083900000|100%| O|  |TAMS 0x0000000083900000, 0x0000000083800000| Untracked 
|  57|0x0000000083900000, 0x0000000083a00000, 0x0000000083a00000|100%| O|  |TAMS 0x0000000083a00000, 0x0000000083900000| Untracked 
|  58|0x0000000083a00000, 0x0000000083b00000, 0x0000000083b00000|100%| O|  |TAMS 0x0000000083b00000, 0x0000000083a00000| Untracked 
|  59|0x0000000083b00000, 0x0000000083c00000, 0x0000000083c00000|100%| O|  |TAMS 0x0000000083c00000, 0x0000000083b00000| Untracked 
|  60|0x0000000083c00000, 0x0000000083d00000, 0x0000000083d00000|100%| O|  |TAMS 0x0000000083d00000, 0x0000000083c00000| Untracked 
|  61|0x0000000083d00000, 0x0000000083e00000, 0x0000000083e00000|100%|HS|  |TAMS 0x0000000083e00000, 0x0000000083d00000| Complete 
|  62|0x0000000083e00000, 0x0000000083f00000, 0x0000000083f00000|100%|HC|  |TAMS 0x0000000083f00000, 0x0000000083e00000| Complete 
|  63|0x0000000083f00000, 0x0000000084000000, 0x0000000084000000|100%| O|  |TAMS 0x0000000084000000, 0x0000000083f00000| Untracked 
|  64|0x0000000084000000, 0x0000000084000000, 0x0000000084100000|  0%| F|  |TAMS 0x0000000084000000, 0x0000000084000000| Untracked 
|  65|0x0000000084100000, 0x0000000084200000, 0x0000000084200000|100%|HS|  |TAMS 0x0000000084200000, 0x0000000084100000| Complete 
|  66|0x0000000084200000, 0x0000000084300000, 0x0000000084300000|100%|HS|  |TAMS 0x0000000084300000, 0x0000000084200000| Complete 
|  67|0x0000000084300000, 0x0000000084400000, 0x0000000084400000|100%|HC|  |TAMS 0x0000000084400000, 0x0000000084300000| Complete 
|  68|0x0000000084400000, 0x0000000084500000, 0x0000000084500000|100%|HC|  |TAMS 0x0000000084500000, 0x0000000084400000| Complete 
|  69|0x0000000084500000, 0x0000000084600000, 0x0000000084600000|100%|HC|  |TAMS 0x0000000084600000, 0x0000000084500000| Complete 
|  70|0x0000000084600000, 0x0000000084700000, 0x0000000084700000|100%|HC|  |TAMS 0x0000000084700000, 0x0000000084600000| Complete 
|  71|0x0000000084700000, 0x0000000084800000, 0x0000000084800000|100%|HC|  |TAMS 0x0000000084800000, 0x0000000084700000| Complete 
|  72|0x0000000084800000, 0x0000000084900000, 0x0000000084900000|100%|HC|  |TAMS 0x0000000084900000, 0x0000000084800000| Complete 
|  73|0x0000000084900000, 0x0000000084a00000, 0x0000000084a00000|100%|HC|  |TAMS 0x0000000084a00000, 0x0000000084900000| Complete 
|  74|0x0000000084a00000, 0x0000000084b00000, 0x0000000084b00000|100%|HC|  |TAMS 0x0000000084b00000, 0x0000000084a00000| Complete 
|  75|0x0000000084b00000, 0x0000000084c00000, 0x0000000084c00000|100%|HC|  |TAMS 0x0000000084c00000, 0x0000000084b00000| Complete 
|  76|0x0000000084c00000, 0x0000000084d00000, 0x0000000084d00000|100%|HC|  |TAMS 0x0000000084d00000, 0x0000000084c00000| Complete 
|  77|0x0000000084d00000, 0x0000000084e00000, 0x0000000084e00000|100%|HS|  |TAMS 0x0000000084e00000, 0x0000000084d00000| Complete 
|  78|0x0000000084e00000, 0x0000000084f00000, 0x0000000084f00000|100%|HC|  |TAMS 0x0000000084f00000, 0x0000000084e00000| Complete 
|  79|0x0000000084f00000, 0x0000000085000000, 0x0000000085000000|100%|HC|  |TAMS 0x0000000085000000, 0x0000000084f00000| Complete 
|  80|0x0000000085000000, 0x0000000085100000, 0x0000000085100000|100%|HS|  |TAMS 0x0000000085100000, 0x0000000085000000| Complete 
|  81|0x0000000085100000, 0x0000000085200000, 0x0000000085200000|100%|HC|  |TAMS 0x0000000085200000, 0x0000000085100000| Complete 
|  82|0x0000000085200000, 0x0000000085300000, 0x0000000085300000|100%|HS|  |TAMS 0x0000000085300000, 0x0000000085200000| Complete 
|  83|0x0000000085300000, 0x0000000085400000, 0x0000000085400000|100%|HC|  |TAMS 0x0000000085400000, 0x0000000085300000| Complete 
|  84|0x0000000085400000, 0x0000000085500000, 0x0000000085500000|100%|HC|  |TAMS 0x0000000085500000, 0x0000000085400000| Complete 
|  85|0x0000000085500000, 0x0000000085600000, 0x0000000085600000|100%| O|  |TAMS 0x0000000085600000, 0x0000000085500000| Untracked 
|  86|0x0000000085600000, 0x0000000085700000, 0x0000000085700000|100%| O|  |TAMS 0x0000000085700000, 0x0000000085600000| Untracked 
|  87|0x0000000085700000, 0x0000000085800000, 0x0000000085800000|100%| O|  |TAMS 0x0000000085800000, 0x0000000085700000| Untracked 
|  88|0x0000000085800000, 0x0000000085900000, 0x0000000085900000|100%| O|  |TAMS 0x0000000085900000, 0x0000000085800000| Untracked 
|  89|0x0000000085900000, 0x0000000085a00000, 0x0000000085a00000|100%| O|  |TAMS 0x0000000085a00000, 0x0000000085900000| Untracked 
|  90|0x0000000085a00000, 0x0000000085b00000, 0x0000000085b00000|100%| O|  |TAMS 0x0000000085b00000, 0x0000000085a00000| Untracked 
|  91|0x0000000085b00000, 0x0000000085c00000, 0x0000000085c00000|100%| O|  |TAMS 0x0000000085c00000, 0x0000000085b00000| Untracked 
|  92|0x0000000085c00000, 0x0000000085d00000, 0x0000000085d00000|100%| O|  |TAMS 0x0000000085d00000, 0x0000000085c00000| Untracked 
|  93|0x0000000085d00000, 0x0000000085e00000, 0x0000000085e00000|100%| O|  |TAMS 0x0000000085e00000, 0x0000000085d00000| Untracked 
|  94|0x0000000085e00000, 0x0000000085f00000, 0x0000000085f00000|100%| O|  |TAMS 0x0000000085f00000, 0x0000000085e00000| Untracked 
|  95|0x0000000085f00000, 0x0000000086000000, 0x0000000086000000|100%|HS|  |TAMS 0x0000000086000000, 0x0000000085f00000| Complete 
|  96|0x0000000086000000, 0x0000000086100000, 0x0000000086100000|100%|HC|  |TAMS 0x0000000086100000, 0x0000000086000000| Complete 
|  97|0x0000000086100000, 0x0000000086200000, 0x0000000086200000|100%|HC|  |TAMS 0x0000000086200000, 0x0000000086100000| Complete 
|  98|0x0000000086200000, 0x0000000086300000, 0x0000000086300000|100%|HC|  |TAMS 0x0000000086300000, 0x0000000086200000| Complete 
|  99|0x0000000086300000, 0x0000000086400000, 0x0000000086400000|100%|HC|  |TAMS 0x0000000086400000, 0x0000000086300000| Complete 
| 100|0x0000000086400000, 0x0000000086500000, 0x0000000086500000|100%|HC|  |TAMS 0x0000000086500000, 0x0000000086400000| Complete 
| 101|0x0000000086500000, 0x0000000086600000, 0x0000000086600000|100%| O|  |TAMS 0x0000000086600000, 0x0000000086500000| Untracked 
| 102|0x0000000086600000, 0x0000000086700000, 0x0000000086700000|100%| O|  |TAMS 0x0000000086700000, 0x0000000086600000| Untracked 
| 103|0x0000000086700000, 0x0000000086800000, 0x0000000086800000|100%| O|  |TAMS 0x0000000086800000, 0x0000000086700000| Untracked 
| 104|0x0000000086800000, 0x0000000086900000, 0x0000000086900000|100%| O|  |TAMS 0x0000000086900000, 0x0000000086800000| Untracked 
| 105|0x0000000086900000, 0x0000000086a00000, 0x0000000086a00000|100%| O|  |TAMS 0x0000000086a00000, 0x0000000086900000| Untracked 
| 106|0x0000000086a00000, 0x0000000086b00000, 0x0000000086b00000|100%| O|  |TAMS 0x0000000086b00000, 0x0000000086a00000| Untracked 
| 107|0x0000000086b00000, 0x0000000086c00000, 0x0000000086c00000|100%| O|  |TAMS 0x0000000086c00000, 0x0000000086b00000| Untracked 
| 108|0x0000000086c00000, 0x0000000086d00000, 0x0000000086d00000|100%| O|  |TAMS 0x0000000086d00000, 0x0000000086c00000| Untracked 
| 109|0x0000000086d00000, 0x0000000086e00000, 0x0000000086e00000|100%|HS|  |TAMS 0x0000000086e00000, 0x0000000086d00000| Complete 
| 110|0x0000000086e00000, 0x0000000086f00000, 0x0000000086f00000|100%|HS|  |TAMS 0x0000000086f00000, 0x0000000086e00000| Complete 
| 111|0x0000000086f00000, 0x0000000087000000, 0x0000000087000000|100%|HC|  |TAMS 0x0000000087000000, 0x0000000086f00000| Complete 
| 112|0x0000000087000000, 0x0000000087100000, 0x0000000087100000|100%|HS|  |TAMS 0x0000000087100000, 0x0000000087000000| Complete 
| 113|0x0000000087100000, 0x0000000087200000, 0x0000000087200000|100%|HS|  |TAMS 0x0000000087200000, 0x0000000087100000| Complete 
| 114|0x0000000087200000, 0x0000000087300000, 0x0000000087300000|100%|HC|  |TAMS 0x0000000087300000, 0x0000000087200000| Complete 
| 115|0x0000000087300000, 0x0000000087400000, 0x0000000087400000|100%|HC|  |TAMS 0x0000000087400000, 0x0000000087300000| Complete 
| 116|0x0000000087400000, 0x0000000087500000, 0x0000000087500000|100%|HC|  |TAMS 0x0000000087500000, 0x0000000087400000| Complete 
| 117|0x0000000087500000, 0x0000000087600000, 0x0000000087600000|100%| O|  |TAMS 0x0000000087600000, 0x0000000087500000| Untracked 
| 118|0x0000000087600000, 0x0000000087700000, 0x0000000087700000|100%| O|  |TAMS 0x0000000087700000, 0x0000000087600000| Untracked 
| 119|0x0000000087700000, 0x0000000087800000, 0x0000000087800000|100%| O|  |TAMS 0x0000000087800000, 0x0000000087700000| Untracked 
| 120|0x0000000087800000, 0x0000000087900000, 0x0000000087900000|100%| O|  |TAMS 0x0000000087900000, 0x0000000087800000| Untracked 
| 121|0x0000000087900000, 0x0000000087a00000, 0x0000000087a00000|100%| O|  |TAMS 0x0000000087a00000, 0x0000000087900000| Untracked 
| 122|0x0000000087a00000, 0x0000000087b00000, 0x0000000087b00000|100%| O|  |TAMS 0x0000000087b00000, 0x0000000087a00000| Untracked 
| 123|0x0000000087b00000, 0x0000000087c00000, 0x0000000087c00000|100%| O|  |TAMS 0x0000000087c00000, 0x0000000087b00000| Untracked 
| 124|0x0000000087c00000, 0x0000000087d00000, 0x0000000087d00000|100%| O|  |TAMS 0x0000000087d00000, 0x0000000087c00000| Untracked 
| 125|0x0000000087d00000, 0x0000000087e00000, 0x0000000087e00000|100%| O|  |TAMS 0x0000000087d60000, 0x0000000087d00000| Untracked 
| 126|0x0000000087e00000, 0x0000000087f00000, 0x0000000087f00000|100%| O|  |TAMS 0x0000000087e00000, 0x0000000087e00000| Untracked 
| 127|0x0000000087f00000, 0x0000000088000000, 0x0000000088000000|100%| O|  |TAMS 0x0000000087f00000, 0x0000000087f00000| Untracked 
| 128|0x0000000088000000, 0x0000000088100000, 0x0000000088100000|100%| O|  |TAMS 0x0000000088000000, 0x0000000088000000| Untracked 
| 129|0x0000000088100000, 0x00000000881a6800, 0x0000000088200000| 65%| O|  |TAMS 0x0000000088100000, 0x0000000088100000| Untracked 
| 130|0x0000000088200000, 0x0000000088200000, 0x0000000088300000|  0%| F|  |TAMS 0x0000000088200000, 0x0000000088200000| Untracked 
| 131|0x0000000088300000, 0x0000000088300000, 0x0000000088400000|  0%| F|  |TAMS 0x0000000088300000, 0x0000000088300000| Untracked 
| 132|0x0000000088400000, 0x0000000088400000, 0x0000000088500000|  0%| F|  |TAMS 0x0000000088400000, 0x0000000088400000| Untracked 
| 133|0x0000000088500000, 0x0000000088500000, 0x0000000088600000|  0%| F|  |TAMS 0x0000000088500000, 0x0000000088500000| Untracked 
| 134|0x0000000088600000, 0x0000000088600000, 0x0000000088700000|  0%| F|  |TAMS 0x0000000088600000, 0x0000000088600000| Untracked 
| 135|0x0000000088700000, 0x0000000088700000, 0x0000000088800000|  0%| F|  |TAMS 0x0000000088700000, 0x0000000088700000| Untracked 
| 136|0x0000000088800000, 0x0000000088800000, 0x0000000088900000|  0%| F|  |TAMS 0x0000000088800000, 0x0000000088800000| Untracked 
| 137|0x0000000088900000, 0x0000000088900000, 0x0000000088a00000|  0%| F|  |TAMS 0x0000000088900000, 0x0000000088900000| Untracked 
| 138|0x0000000088a00000, 0x0000000088a00000, 0x0000000088b00000|  0%| F|  |TAMS 0x0000000088a00000, 0x0000000088a00000| Untracked 
| 139|0x0000000088b00000, 0x0000000088b00000, 0x0000000088c00000|  0%| F|  |TAMS 0x0000000088b00000, 0x0000000088b00000| Untracked 
| 140|0x0000000088c00000, 0x0000000088c00000, 0x0000000088d00000|  0%| F|  |TAMS 0x0000000088c00000, 0x0000000088c00000| Untracked 
| 141|0x0000000088d00000, 0x0000000088d00000, 0x0000000088e00000|  0%| F|  |TAMS 0x0000000088d00000, 0x0000000088d00000| Untracked 
| 142|0x0000000088e00000, 0x0000000088e00000, 0x0000000088f00000|  0%| F|  |TAMS 0x0000000088e00000, 0x0000000088e00000| Untracked 
| 143|0x0000000088f00000, 0x0000000088f00000, 0x0000000089000000|  0%| F|  |TAMS 0x0000000088f00000, 0x0000000088f00000| Untracked 
| 144|0x0000000089000000, 0x0000000089000000, 0x0000000089100000|  0%| F|  |TAMS 0x0000000089000000, 0x0000000089000000| Untracked 
| 145|0x0000000089100000, 0x0000000089100000, 0x0000000089200000|  0%| F|  |TAMS 0x0000000089100000, 0x0000000089100000| Untracked 
| 146|0x0000000089200000, 0x0000000089200000, 0x0000000089300000|  0%| F|  |TAMS 0x0000000089200000, 0x0000000089200000| Untracked 
| 147|0x0000000089300000, 0x0000000089300000, 0x0000000089400000|  0%| F|  |TAMS 0x0000000089300000, 0x0000000089300000| Untracked 
| 148|0x0000000089400000, 0x0000000089400000, 0x0000000089500000|  0%| F|  |TAMS 0x0000000089400000, 0x0000000089400000| Untracked 
| 149|0x0000000089500000, 0x0000000089500000, 0x0000000089600000|  0%| F|  |TAMS 0x0000000089500000, 0x0000000089500000| Untracked 
| 150|0x0000000089600000, 0x0000000089600000, 0x0000000089700000|  0%| F|  |TAMS 0x0000000089600000, 0x0000000089600000| Untracked 
| 151|0x0000000089700000, 0x0000000089700000, 0x0000000089800000|  0%| F|  |TAMS 0x0000000089700000, 0x0000000089700000| Untracked 
| 152|0x0000000089800000, 0x0000000089800000, 0x0000000089900000|  0%| F|  |TAMS 0x0000000089800000, 0x0000000089800000| Untracked 
| 153|0x0000000089900000, 0x0000000089900000, 0x0000000089a00000|  0%| F|  |TAMS 0x0000000089900000, 0x0000000089900000| Untracked 
| 154|0x0000000089a00000, 0x0000000089a00000, 0x0000000089b00000|  0%| F|  |TAMS 0x0000000089a00000, 0x0000000089a00000| Untracked 
| 155|0x0000000089b00000, 0x0000000089b00000, 0x0000000089c00000|  0%| F|  |TAMS 0x0000000089b00000, 0x0000000089b00000| Untracked 
| 156|0x0000000089c00000, 0x0000000089c00000, 0x0000000089d00000|  0%| F|  |TAMS 0x0000000089c00000, 0x0000000089c00000| Untracked 
| 157|0x0000000089d00000, 0x0000000089d00000, 0x0000000089e00000|  0%| F|  |TAMS 0x0000000089d00000, 0x0000000089d00000| Untracked 
| 158|0x0000000089e00000, 0x0000000089e00000, 0x0000000089f00000|  0%| F|  |TAMS 0x0000000089e00000, 0x0000000089e00000| Untracked 
| 159|0x0000000089f00000, 0x0000000089f00000, 0x000000008a000000|  0%| F|  |TAMS 0x0000000089f00000, 0x0000000089f00000| Untracked 
| 160|0x000000008a000000, 0x000000008a000000, 0x000000008a100000|  0%| F|  |TAMS 0x000000008a000000, 0x000000008a000000| Untracked 
| 161|0x000000008a100000, 0x000000008a100000, 0x000000008a200000|  0%| F|  |TAMS 0x000000008a100000, 0x000000008a100000| Untracked 
| 162|0x000000008a200000, 0x000000008a200000, 0x000000008a300000|  0%| F|  |TAMS 0x000000008a200000, 0x000000008a200000| Untracked 
| 163|0x000000008a300000, 0x000000008a300000, 0x000000008a400000|  0%| F|  |TAMS 0x000000008a300000, 0x000000008a300000| Untracked 
| 164|0x000000008a400000, 0x000000008a400000, 0x000000008a500000|  0%| F|  |TAMS 0x000000008a400000, 0x000000008a400000| Untracked 
| 165|0x000000008a500000, 0x000000008a500000, 0x000000008a600000|  0%| F|  |TAMS 0x000000008a500000, 0x000000008a500000| Untracked 
| 166|0x000000008a600000, 0x000000008a600000, 0x000000008a700000|  0%| F|  |TAMS 0x000000008a600000, 0x000000008a600000| Untracked 
| 167|0x000000008a700000, 0x000000008a700000, 0x000000008a800000|  0%| F|  |TAMS 0x000000008a700000, 0x000000008a700000| Untracked 
| 168|0x000000008a800000, 0x000000008a800000, 0x000000008a900000|  0%| F|  |TAMS 0x000000008a800000, 0x000000008a800000| Untracked 
| 169|0x000000008a900000, 0x000000008a900000, 0x000000008aa00000|  0%| F|  |TAMS 0x000000008a900000, 0x000000008a900000| Untracked 
| 170|0x000000008aa00000, 0x000000008aa00000, 0x000000008ab00000|  0%| F|  |TAMS 0x000000008aa00000, 0x000000008aa00000| Untracked 
| 171|0x000000008ab00000, 0x000000008ab00000, 0x000000008ac00000|  0%| F|  |TAMS 0x000000008ab00000, 0x000000008ab00000| Untracked 
| 172|0x000000008ac00000, 0x000000008ac00000, 0x000000008ad00000|  0%| F|  |TAMS 0x000000008ac00000, 0x000000008ac00000| Untracked 
| 173|0x000000008ad00000, 0x000000008adee980, 0x000000008ae00000| 93%| S|CS|TAMS 0x000000008ad00000, 0x000000008ad00000| Complete 
| 174|0x000000008ae00000, 0x000000008af00000, 0x000000008af00000|100%| S|CS|TAMS 0x000000008ae00000, 0x000000008ae00000| Complete 
| 175|0x000000008af00000, 0x000000008b000000, 0x000000008b000000|100%| S|CS|TAMS 0x000000008af00000, 0x000000008af00000| Complete 
| 176|0x000000008b000000, 0x000000008b000000, 0x000000008b100000|  0%| F|  |TAMS 0x000000008b000000, 0x000000008b000000| Untracked 
| 177|0x000000008b100000, 0x000000008b100000, 0x000000008b200000|  0%| F|  |TAMS 0x000000008b100000, 0x000000008b100000| Untracked 
| 178|0x000000008b200000, 0x000000008b200000, 0x000000008b300000|  0%| F|  |TAMS 0x000000008b200000, 0x000000008b200000| Untracked 
| 179|0x000000008b300000, 0x000000008b300000, 0x000000008b400000|  0%| F|  |TAMS 0x000000008b300000, 0x000000008b300000| Untracked 
| 180|0x000000008b400000, 0x000000008b400000, 0x000000008b500000|  0%| F|  |TAMS 0x000000008b400000, 0x000000008b400000| Untracked 
| 181|0x000000008b500000, 0x000000008b500000, 0x000000008b600000|  0%| F|  |TAMS 0x000000008b500000, 0x000000008b500000| Untracked 
| 182|0x000000008b600000, 0x000000008b600000, 0x000000008b700000|  0%| F|  |TAMS 0x000000008b600000, 0x000000008b600000| Untracked 
| 183|0x000000008b700000, 0x000000008b700000, 0x000000008b800000|  0%| F|  |TAMS 0x000000008b700000, 0x000000008b700000| Untracked 
| 184|0x000000008b800000, 0x000000008b800000, 0x000000008b900000|  0%| F|  |TAMS 0x000000008b800000, 0x000000008b800000| Untracked 
| 185|0x000000008b900000, 0x000000008b900000, 0x000000008ba00000|  0%| F|  |TAMS 0x000000008b900000, 0x000000008b900000| Untracked 
| 186|0x000000008ba00000, 0x000000008ba00000, 0x000000008bb00000|  0%| F|  |TAMS 0x000000008ba00000, 0x000000008ba00000| Untracked 
| 187|0x000000008bb00000, 0x000000008bb00000, 0x000000008bc00000|  0%| F|  |TAMS 0x000000008bb00000, 0x000000008bb00000| Untracked 
| 188|0x000000008bc00000, 0x000000008bc00000, 0x000000008bd00000|  0%| F|  |TAMS 0x000000008bc00000, 0x000000008bc00000| Untracked 
| 189|0x000000008bd00000, 0x000000008bd00000, 0x000000008be00000|  0%| F|  |TAMS 0x000000008bd00000, 0x000000008bd00000| Untracked 
| 190|0x000000008be00000, 0x000000008be00000, 0x000000008bf00000|  0%| F|  |TAMS 0x000000008be00000, 0x000000008be00000| Untracked 
| 191|0x000000008bf00000, 0x000000008bf00000, 0x000000008c000000|  0%| F|  |TAMS 0x000000008bf00000, 0x000000008bf00000| Untracked 
| 192|0x000000008c000000, 0x000000008c000000, 0x000000008c100000|  0%| F|  |TAMS 0x000000008c000000, 0x000000008c000000| Untracked 
| 193|0x000000008c100000, 0x000000008c100000, 0x000000008c200000|  0%| F|  |TAMS 0x000000008c100000, 0x000000008c100000| Untracked 
| 194|0x000000008c200000, 0x000000008c200000, 0x000000008c300000|  0%| F|  |TAMS 0x000000008c200000, 0x000000008c200000| Untracked 
| 195|0x000000008c300000, 0x000000008c300000, 0x000000008c400000|  0%| F|  |TAMS 0x000000008c300000, 0x000000008c300000| Untracked 
| 196|0x000000008c400000, 0x000000008c400000, 0x000000008c500000|  0%| F|  |TAMS 0x000000008c400000, 0x000000008c400000| Untracked 
| 197|0x000000008c500000, 0x000000008c500000, 0x000000008c600000|  0%| F|  |TAMS 0x000000008c500000, 0x000000008c500000| Untracked 
| 198|0x000000008c600000, 0x000000008c600000, 0x000000008c700000|  0%| F|  |TAMS 0x000000008c600000, 0x000000008c600000| Untracked 
| 199|0x000000008c700000, 0x000000008c700000, 0x000000008c800000|  0%| F|  |TAMS 0x000000008c700000, 0x000000008c700000| Untracked 
| 200|0x000000008c800000, 0x000000008c800000, 0x000000008c900000|  0%| F|  |TAMS 0x000000008c800000, 0x000000008c800000| Untracked 
| 201|0x000000008c900000, 0x000000008c900000, 0x000000008ca00000|  0%| F|  |TAMS 0x000000008c900000, 0x000000008c900000| Untracked 
| 202|0x000000008ca00000, 0x000000008ca00000, 0x000000008cb00000|  0%| F|  |TAMS 0x000000008ca00000, 0x000000008ca00000| Untracked 
| 203|0x000000008cb00000, 0x000000008cb00000, 0x000000008cc00000|  0%| F|  |TAMS 0x000000008cb00000, 0x000000008cb00000| Untracked 
| 204|0x000000008cc00000, 0x000000008cc00000, 0x000000008cd00000|  0%| F|  |TAMS 0x000000008cc00000, 0x000000008cc00000| Untracked 
| 205|0x000000008cd00000, 0x000000008cd00000, 0x000000008ce00000|  0%| F|  |TAMS 0x000000008cd00000, 0x000000008cd00000| Untracked 
| 206|0x000000008ce00000, 0x000000008ce00000, 0x000000008cf00000|  0%| F|  |TAMS 0x000000008ce00000, 0x000000008ce00000| Untracked 
| 207|0x000000008cf00000, 0x000000008cf00000, 0x000000008d000000|  0%| F|  |TAMS 0x000000008cf00000, 0x000000008cf00000| Untracked 
| 208|0x000000008d000000, 0x000000008d000000, 0x000000008d100000|  0%| F|  |TAMS 0x000000008d000000, 0x000000008d000000| Untracked 
| 209|0x000000008d100000, 0x000000008d100000, 0x000000008d200000|  0%| F|  |TAMS 0x000000008d100000, 0x000000008d100000| Untracked 
| 210|0x000000008d200000, 0x000000008d200000, 0x000000008d300000|  0%| F|  |TAMS 0x000000008d200000, 0x000000008d200000| Untracked 
| 211|0x000000008d300000, 0x000000008d300000, 0x000000008d400000|  0%| F|  |TAMS 0x000000008d300000, 0x000000008d300000| Untracked 
| 212|0x000000008d400000, 0x000000008d480800, 0x000000008d500000| 50%| E|  |TAMS 0x000000008d400000, 0x000000008d400000| Complete 
| 213|0x000000008d500000, 0x000000008d600000, 0x000000008d600000|100%| E|CS|TAMS 0x000000008d500000, 0x000000008d500000| Complete 
| 214|0x000000008d600000, 0x000000008d700000, 0x000000008d700000|100%| E|CS|TAMS 0x000000008d600000, 0x000000008d600000| Complete 
| 215|0x000000008d700000, 0x000000008d800000, 0x000000008d800000|100%| E|CS|TAMS 0x000000008d700000, 0x000000008d700000| Complete 
| 216|0x000000008d800000, 0x000000008d900000, 0x000000008d900000|100%| E|CS|TAMS 0x000000008d800000, 0x000000008d800000| Complete 
| 217|0x000000008d900000, 0x000000008da00000, 0x000000008da00000|100%| E|CS|TAMS 0x000000008d900000, 0x000000008d900000| Complete 
| 218|0x000000008da00000, 0x000000008db00000, 0x000000008db00000|100%| E|CS|TAMS 0x000000008da00000, 0x000000008da00000| Complete 

Card table byte_map: [0x000002402c100000,0x000002402c500000] _byte_map_base: 0x000002402bd00000

Marking Bits (Prev, Next): (CMBitMap*) 0x00000240198885e0, (CMBitMap*) 0x00000240198885a0
 Prev Bits: [0x000002402e900000, 0x0000024030900000)
 Next Bits: [0x000002402c900000, 0x000002402e900000)

Polling page: 0x0000024019000000

Metaspace:

Usage:
  Non-class:     70.38 MB used.
      Class:     10.80 MB used.
       Both:     81.17 MB used.

Virtual space:
  Non-class space:       72.00 MB reserved,      70.69 MB ( 98%) committed,  9 nodes.
      Class space:        1.00 GB reserved,      11.06 MB (  1%) committed,  1 nodes.
             Both:        1.07 GB reserved,      81.75 MB (  7%) committed. 

Chunk freelists:
   Non-Class:  960.00 KB
       Class:  768.00 KB
        Both:  1.69 MB

MaxMetaspaceSize: unlimited
CompressedClassSpaceSize: 1.00 GB
Initial GC threshold: 21.00 MB
Current GC threshold: 124.81 MB
CDS: off
MetaspaceReclaimPolicy: balanced
 - commit_granule_bytes: 65536.
 - commit_granule_words: 8192.
 - virtual_space_node_default_size: 1048576.
 - enlarge_chunks_in_place: 1.
 - new_chunks_are_fully_committed: 0.
 - uncommit_free_chunks: 1.
 - use_allocation_guard: 0.
 - handle_deallocations: 1.


Internal statistics:

num_allocs_failed_limit: 3.
num_arena_births: 742.
num_arena_deaths: 6.
num_vsnodes_births: 10.
num_vsnodes_deaths: 0.
num_space_committed: 1308.
num_space_uncommitted: 0.
num_chunks_returned_to_freelist: 12.
num_chunks_taken_from_freelist: 3495.
num_chunk_merges: 3.
num_chunk_splits: 2332.
num_chunks_enlarged: 1607.
num_purges: 4.
num_inconsistent_stats: 0.

CodeHeap 'non-profiled nmethods': size=120000Kb used=5318Kb max_used=5318Kb free=114681Kb
 bounds [0x00000240247d0000, 0x0000024024d10000, 0x000002402bd00000]
CodeHeap 'profiled nmethods': size=120000Kb used=15953Kb max_used=15953Kb free=104046Kb
 bounds [0x000002401cd00000, 0x000002401dca0000, 0x0000024024230000]
CodeHeap 'non-nmethods': size=5760Kb used=2413Kb max_used=2458Kb free=3346Kb
 bounds [0x0000024024230000, 0x00000240244a0000, 0x00000240247d0000]
 total_blobs=8996 nmethods=8043 adapters=865
 compilation: enabled
              stopped_count=0, restarted_count=0
 full_count=0

Compilation events (20 events):
Event: 57.279 Thread 0x0000024033853cf0 8777       3       org.gradle.api.internal.collections.AbstractIterationOrderRetainingElementSource$RealizedElementCollectionIterator::hasNext (13 bytes)
Event: 57.279 Thread 0x0000024033853cf0 nmethod 8777 0x000002401dc91910 code [0x000002401dc91aa0, 0x000002401dc91c18]
Event: 57.279 Thread 0x0000024033853cf0 8778       1       org.gradle.api.internal.collections.AbstractIterationOrderRetainingElementSource$ValuePointer::getElement (5 bytes)
Event: 57.279 Thread 0x0000024033853cf0 nmethod 8778 0x0000024024cee510 code [0x0000024024cee6a0, 0x0000024024cee778]
Event: 57.279 Thread 0x0000024033853cf0 8779       1       org.gradle.api.internal.collections.AbstractIterationOrderRetainingElementSource$ValuePointer::getIndex (5 bytes)
Event: 57.279 Thread 0x0000024033853cf0 nmethod 8779 0x0000024024cee810 code [0x0000024024cee9a0, 0x0000024024ceea78]
Event: 57.359 Thread 0x0000024033853cf0 8780       3       jdk.proxy1.$Proxy5::<init> (6 bytes)
Event: 57.360 Thread 0x0000024033853cf0 nmethod 8780 0x000002401dc91c90 code [0x000002401dc91e60, 0x000002401dc921e8]
Event: 57.378 Thread 0x000002403384b330 nmethod 8725% 0x0000024024ceeb10 code [0x0000024024cef1c0, 0x0000024024cf6c38]
Event: 57.378 Thread 0x000002403384b330 8769       4       java.lang.ref.SoftReference::<init> (13 bytes)
Event: 57.381 Thread 0x000002403384b330 nmethod 8769 0x0000024024cfb510 code [0x0000024024cfb680, 0x0000024024cfb8d8]
Event: 57.381 Thread 0x000002403384b330 8761       4       org.gradle.internal.instantiation.generator.ParamsMatchingConstructorSelector::vetoParameters (1 bytes)
Event: 57.382 Thread 0x000002403384b330 nmethod 8761 0x0000024024cfb990 code [0x0000024024cfbb00, 0x0000024024cfbb78]
Event: 57.394 Thread 0x000002403384b330 8781       4       java.util.concurrent.locks.AbstractQueuedSynchronizer$Node::getAndUnsetStatus (14 bytes)
Event: 57.395 Thread 0x000002403384b330 nmethod 8781 0x0000024024cfbc90 code [0x0000024024cfbe00, 0x0000024024cfbeb8]
Event: 57.405 Thread 0x0000024033853cf0 8782       1       org.gradle.api.internal.provider.Collectors$SingleElement::size (2 bytes)
Event: 57.405 Thread 0x0000024033853cf0 nmethod 8782 0x0000024024cfbf90 code [0x0000024024cfc120, 0x0000024024cfc1f8]
Event: 57.405 Thread 0x0000024033853cf0 8783       3       org.gradle.api.internal.provider.Collectors$TypedCollector::size (10 bytes)
Event: 57.405 Thread 0x0000024033853cf0 nmethod 8783 0x000002401dc92390 code [0x000002401dc92540, 0x000002401dc92708]
Event: 57.451 Thread 0x000002403384b330 8784       4       org.objectweb.asm.Type::getMethodDescriptor (66 bytes)

GC Heap History (20 events):
Event: 25.198 GC heap before
{Heap before GC invocations=33 (full 0):
 garbage-first heap   total 174080K, used 141646K [0x0000000080000000, 0x0000000100000000)
  region size 1024K, 38 young (38912K), 1 survivors (1024K)
 Metaspace       used 59497K, committed 60032K, reserved 1105920K
  class space    used 7991K, committed 8192K, reserved 1048576K
}
Event: 25.209 GC heap after
{Heap after GC invocations=34 (full 0):
 garbage-first heap   total 174080K, used 107381K [0x0000000080000000, 0x0000000100000000)
  region size 1024K, 5 young (5120K), 5 survivors (5120K)
 Metaspace       used 59497K, committed 60032K, reserved 1105920K
  class space    used 7991K, committed 8192K, reserved 1048576K
}
Event: 35.143 GC heap before
{Heap before GC invocations=34 (full 0):
 garbage-first heap   total 174080K, used 143221K [0x0000000080000000, 0x0000000100000000)
  region size 1024K, 41 young (41984K), 5 survivors (5120K)
 Metaspace       used 66605K, committed 67136K, reserved 1114112K
  class space    used 8864K, committed 9088K, reserved 1048576K
}
Event: 35.157 GC heap after
{Heap after GC invocations=35 (full 0):
 garbage-first heap   total 174080K, used 111264K [0x0000000080000000, 0x0000000100000000)
  region size 1024K, 5 young (5120K), 5 survivors (5120K)
 Metaspace       used 66605K, committed 67136K, reserved 1114112K
  class space    used 8864K, committed 9088K, reserved 1048576K
}
Event: 37.399 GC heap before
{Heap before GC invocations=36 (full 0):
 garbage-first heap   total 189440K, used 130720K [0x0000000080000000, 0x0000000100000000)
  region size 1024K, 26 young (26624K), 5 survivors (5120K)
 Metaspace       used 66851K, committed 67392K, reserved 1114112K
  class space    used 8879K, committed 9088K, reserved 1048576K
}
Event: 37.409 GC heap after
{Heap after GC invocations=37 (full 0):
 garbage-first heap   total 189440K, used 112359K [0x0000000080000000, 0x0000000100000000)
  region size 1024K, 2 young (2048K), 2 survivors (2048K)
 Metaspace       used 66851K, committed 67392K, reserved 1114112K
  class space    used 8879K, committed 9088K, reserved 1048576K
}
Event: 38.192 GC heap before
{Heap before GC invocations=38 (full 0):
 garbage-first heap   total 196608K, used 115431K [0x0000000080000000, 0x0000000100000000)
  region size 1024K, 4 young (4096K), 2 survivors (2048K)
 Metaspace       used 66916K, committed 67520K, reserved 1114112K
  class space    used 8889K, committed 9152K, reserved 1048576K
}
Event: 38.196 GC heap after
{Heap after GC invocations=39 (full 0):
 garbage-first heap   total 196608K, used 116668K [0x0000000080000000, 0x0000000100000000)
  region size 1024K, 3 young (3072K), 3 survivors (3072K)
 Metaspace       used 66916K, committed 67520K, reserved 1114112K
  class space    used 8889K, committed 9152K, reserved 1048576K
}
Event: 50.870 GC heap before
{Heap before GC invocations=40 (full 0):
 garbage-first heap   total 199680K, used 153532K [0x0000000080000000, 0x0000000100000000)
  region size 1024K, 34 young (34816K), 3 survivors (3072K)
 Metaspace       used 70198K, committed 70784K, reserved 1114112K
  class space    used 9337K, committed 9600K, reserved 1048576K
}
Event: 50.876 GC heap after
{Heap after GC invocations=41 (full 0):
 garbage-first heap   total 199680K, used 127953K [0x0000000080000000, 0x0000000100000000)
  region size 1024K, 5 young (5120K), 5 survivors (5120K)
 Metaspace       used 70198K, committed 70784K, reserved 1114112K
  class space    used 9337K, committed 9600K, reserved 1048576K
}
Event: 51.287 GC heap before
{Heap before GC invocations=41 (full 0):
 garbage-first heap   total 199680K, used 132049K [0x0000000080000000, 0x0000000100000000)
  region size 1024K, 9 young (9216K), 5 survivors (5120K)
 Metaspace       used 70781K, committed 71296K, reserved 1114112K
  class space    used 9423K, committed 9664K, reserved 1048576K
}
Event: 51.293 GC heap after
{Heap after GC invocations=42 (full 0):
 garbage-first heap   total 199680K, used 127690K [0x0000000080000000, 0x0000000100000000)
  region size 1024K, 1 young (1024K), 1 survivors (1024K)
 Metaspace       used 70781K, committed 71296K, reserved 1114112K
  class space    used 9423K, committed 9664K, reserved 1048576K
}
Event: 53.089 GC heap before
{Heap before GC invocations=42 (full 0):
 garbage-first heap   total 199680K, used 156362K [0x0000000080000000, 0x0000000100000000)
  region size 1024K, 29 young (29696K), 1 survivors (1024K)
 Metaspace       used 75742K, committed 76352K, reserved 1122304K
  class space    used 10085K, committed 10368K, reserved 1048576K
}
Event: 53.093 GC heap after
{Heap after GC invocations=43 (full 0):
 garbage-first heap   total 199680K, used 128846K [0x0000000080000000, 0x0000000100000000)
  region size 1024K, 2 young (2048K), 2 survivors (2048K)
 Metaspace       used 75742K, committed 76352K, reserved 1122304K
  class space    used 10085K, committed 10368K, reserved 1048576K
}
Event: 54.345 GC heap before
{Heap before GC invocations=44 (full 0):
 garbage-first heap   total 224256K, used 163662K [0x0000000080000000, 0x0000000100000000)
  region size 1024K, 30 young (30720K), 2 survivors (2048K)
 Metaspace       used 77562K, committed 78144K, reserved 1122304K
  class space    used 10325K, committed 10624K, reserved 1048576K
}
Event: 54.358 GC heap after
{Heap after GC invocations=45 (full 0):
 garbage-first heap   total 224256K, used 132096K [0x0000000080000000, 0x0000000100000000)
  region size 1024K, 4 young (4096K), 4 survivors (4096K)
 Metaspace       used 77562K, committed 78144K, reserved 1122304K
  class space    used 10325K, committed 10624K, reserved 1048576K
}
Event: 54.565 GC heap before
{Heap before GC invocations=45 (full 0):
 garbage-first heap   total 224256K, used 138240K [0x0000000080000000, 0x0000000100000000)
  region size 1024K, 10 young (10240K), 4 survivors (4096K)
 Metaspace       used 78125K, committed 78720K, reserved 1122304K
  class space    used 10400K, committed 10688K, reserved 1048576K
}
Event: 54.576 GC heap after
{Heap after GC invocations=46 (full 0):
 garbage-first heap   total 224256K, used 132566K [0x0000000080000000, 0x0000000100000000)
  region size 1024K, 1 young (1024K), 1 survivors (1024K)
 Metaspace       used 78125K, committed 78720K, reserved 1122304K
  class space    used 10400K, committed 10688K, reserved 1048576K
}
Event: 57.282 GC heap before
{Heap before GC invocations=46 (full 0):
 garbage-first heap   total 224256K, used 175574K [0x0000000080000000, 0x0000000100000000)
  region size 1024K, 43 young (44032K), 1 survivors (1024K)
 Metaspace       used 82336K, committed 83008K, reserved 1122304K
  class space    used 10944K, committed 11264K, reserved 1048576K
}
Event: 57.291 GC heap after
{Heap after GC invocations=47 (full 0):
 garbage-first heap   total 224256K, used 134740K [0x0000000080000000, 0x0000000100000000)
  region size 1024K, 3 young (3072K), 3 survivors (3072K)
 Metaspace       used 82336K, committed 83008K, reserved 1122304K
  class space    used 10944K, committed 11264K, reserved 1048576K
}

Dll operation events (2 events):
Event: 0.046 Loaded shared library C:\Program Files\Android\Android Studio\jbr\bin\java.dll
Event: 0.759 Loaded shared library C:\Program Files\Android\Android Studio\jbr\bin\verify.dll

Deoptimization events (20 events):
Event: 56.900 Thread 0x0000024034fb62f0 DEOPT PACKING pc=0x0000024024c6ed88 sp=0x000000f4229f6c20
Event: 56.900 Thread 0x0000024034fb62f0 DEOPT UNPACKING pc=0x00000240242869a3 sp=0x000000f4229f6be0 mode 2
Event: 56.900 Thread 0x0000024034fb62f0 Uncommon trap: trap_request=0xffffffde fr.pc=0x0000024024c6ed88 relative=0x0000000000000c28
Event: 56.900 Thread 0x0000024034fb62f0 Uncommon trap: reason=class_check action=maybe_recompile pc=0x0000024024c6ed88 method=java.util.Hashtable.put(Ljava/lang/Object;Ljava/lang/Object;)Ljava/lang/Object; @ 60 c2
Event: 56.900 Thread 0x0000024034fb62f0 DEOPT PACKING pc=0x0000024024c6ed88 sp=0x000000f4229f6c20
Event: 56.900 Thread 0x0000024034fb62f0 DEOPT UNPACKING pc=0x00000240242869a3 sp=0x000000f4229f6be0 mode 2
Event: 56.926 Thread 0x0000024034fb62f0 DEOPT PACKING pc=0x000002401d29aace sp=0x000000f4229f6c20
Event: 56.926 Thread 0x0000024034fb62f0 DEOPT UNPACKING pc=0x0000024024287143 sp=0x000000f4229f60e8 mode 0
Event: 56.926 Thread 0x0000024034fb62f0 DEOPT PACKING pc=0x000002401d3ba9d9 sp=0x000000f4229f6bf0
Event: 56.926 Thread 0x0000024034fb62f0 DEOPT UNPACKING pc=0x0000024024287143 sp=0x000000f4229f60e0 mode 0
Event: 56.927 Thread 0x0000024034fb62f0 DEOPT PACKING pc=0x000002401d29aace sp=0x000000f4229f6c20
Event: 56.927 Thread 0x0000024034fb62f0 DEOPT UNPACKING pc=0x0000024024287143 sp=0x000000f4229f60e8 mode 0
Event: 56.931 Thread 0x0000024034fb62f0 Uncommon trap: trap_request=0xffffff45 fr.pc=0x0000024024875ed0 relative=0x0000000000000530
Event: 56.931 Thread 0x0000024034fb62f0 Uncommon trap: reason=unstable_if action=reinterpret pc=0x0000024024875ed0 method=java.lang.String.replace(CC)Ljava/lang/String; @ 2 c2
Event: 56.931 Thread 0x0000024034fb62f0 DEOPT PACKING pc=0x0000024024875ed0 sp=0x000000f4229f6d00
Event: 56.931 Thread 0x0000024034fb62f0 DEOPT UNPACKING pc=0x00000240242869a3 sp=0x000000f4229f6cb0 mode 2
Event: 57.008 Thread 0x0000024034fb62f0 Uncommon trap: trap_request=0xffffffde fr.pc=0x00000240248e231c relative=0x000000000000017c
Event: 57.008 Thread 0x0000024034fb62f0 Uncommon trap: reason=class_check action=maybe_recompile pc=0x00000240248e231c method=java.util.stream.StreamOpFlag.fromCharacteristics(Ljava/util/Spliterator;)I @ 14 c2
Event: 57.008 Thread 0x0000024034fb62f0 DEOPT PACKING pc=0x00000240248e231c sp=0x000000f4229f7320
Event: 57.008 Thread 0x0000024034fb62f0 DEOPT UNPACKING pc=0x00000240242869a3 sp=0x000000f4229f7208 mode 2

Classes unloaded (8 events):
Event: 21.033 Thread 0x0000024032dbe5e0 Unloading class 0x0000000100760410 '_BuildScript_$_run_closure1$_closure2'
Event: 21.033 Thread 0x0000024032dbe5e0 Unloading class 0x0000000100760000 '_BuildScript_$_run_closure1'
Event: 21.033 Thread 0x0000024032dbe5e0 Unloading class 0x000000010075c800 '_BuildScript_'
Event: 21.033 Thread 0x0000024032dbe5e0 Unloading class 0x000000010074c410 '_BuildScript_$_run_closure1$_closure2'
Event: 21.033 Thread 0x0000024032dbe5e0 Unloading class 0x000000010074c000 '_BuildScript_$_run_closure1'
Event: 21.033 Thread 0x0000024032dbe5e0 Unloading class 0x0000000100740800 '_BuildScript_'
Event: 53.299 Thread 0x0000024032dbe5e0 Unloading class 0x00000001008ac560 '_BuildScript_$_run_closure1'
Event: 53.299 Thread 0x0000024032dbe5e0 Unloading class 0x00000001008ac000 '_BuildScript_'

Classes redefined (0 events):
No events

Internal exceptions (20 events):
Event: 55.240 Thread 0x0000024034fb62f0 Exception <a 'java/lang/ClassNotFoundException'{0x000000008d010740}: org/gradle/api/plugins/internal/DefaultBasePluginConvention_DecoratedCustomizer> (0x000000008d010740) 
thrown [s\src\hotspot\share\classfile\systemDictionary.cpp, line 256]
Event: 55.274 Thread 0x0000024034fb62f0 Exception <a 'java/lang/ClassNotFoundException'{0x000000008d082470}: org/gradle/api/plugins/internal/DefaultJavaPluginConvention_DecoratedBeanInfo> (0x000000008d082470) 
thrown [s\src\hotspot\share\classfile\systemDictionary.cpp, line 256]
Event: 55.276 Thread 0x0000024034fb62f0 Exception <a 'java/lang/ClassNotFoundException'{0x000000008d09ae60}: org/gradle/api/plugins/internal/DefaultJavaPluginConventionBeanInfo> (0x000000008d09ae60) 
thrown [s\src\hotspot\share\classfile\systemDictionary.cpp, line 256]
Event: 55.284 Thread 0x0000024034fb62f0 Exception <a 'java/lang/ClassNotFoundException'{0x000000008d0b36c8}: org/gradle/api/plugins/JavaPluginConventionBeanInfo> (0x000000008d0b36c8) 
thrown [s\src\hotspot\share\classfile\systemDictionary.cpp, line 256]
Event: 55.286 Thread 0x0000024034fb62f0 Exception <a 'java/lang/ClassNotFoundException'{0x000000008d0cb9a8}: org/gradle/api/plugins/JavaPluginConventionCustomizer> (0x000000008d0cb9a8) 
thrown [s\src\hotspot\share\classfile\systemDictionary.cpp, line 256]
Event: 55.291 Thread 0x0000024034fb62f0 Exception <a 'java/lang/ClassNotFoundException'{0x000000008d0f8938}: org/gradle/api/plugins/internal/DefaultJavaPluginConventionCustomizer> (0x000000008d0f8938) 
thrown [s\src\hotspot\share\classfile\systemDictionary.cpp, line 256]
Event: 55.294 Thread 0x0000024034fb62f0 Exception <a 'java/lang/ClassNotFoundException'{0x000000008cf38f08}: org/gradle/api/plugins/internal/DefaultJavaPluginConvention_DecoratedCustomizer> (0x000000008cf38f08) 
thrown [s\src\hotspot\share\classfile\systemDictionary.cpp, line 256]
Event: 56.082 Thread 0x0000024034fb62f0 Implicit null exception at 0x0000024024c70248 to 0x0000024024c70308
Event: 56.877 Thread 0x0000024034fb62f0 Exception <a 'java/lang/IncompatibleClassChangeError'{0x000000008b982ed8}: Found class java.lang.Object, but interface was expected> (0x000000008b982ed8) 
thrown [s\src\hotspot\share\interpreter\linkResolver.cpp, line 838]
Event: 56.938 Thread 0x0000024034fb62f0 Exception <a 'java/lang/ClassNotFoundException'{0x000000008b7119c0}: org/gradle/api/internal/project/DefaultAntBuilderBeanInfo> (0x000000008b7119c0) 
thrown [s\src\hotspot\share\classfile\systemDictionary.cpp, line 256]
Event: 56.939 Thread 0x0000024034fb62f0 Exception <a 'java/lang/ClassNotFoundException'{0x000000008b727c48}: org/gradle/api/internal/project/ant/BasicAntBuilderBeanInfo> (0x000000008b727c48) 
thrown [s\src\hotspot\share\classfile\systemDictionary.cpp, line 256]
Event: 56.940 Thread 0x0000024034fb62f0 Exception <a 'java/lang/ClassNotFoundException'{0x000000008b73d340}: org/gradle/api/AntBuilderBeanInfo> (0x000000008b73d340) 
thrown [s\src\hotspot\share\classfile\systemDictionary.cpp, line 256]
Event: 56.942 Thread 0x0000024034fb62f0 Exception <a 'java/lang/ClassNotFoundException'{0x000000008b754a20}: groovy/ant/AntBuilderBeanInfo> (0x000000008b754a20) 
thrown [s\src\hotspot\share\classfile\systemDictionary.cpp, line 256]
Event: 56.945 Thread 0x0000024034fb62f0 Exception <a 'java/lang/ClassNotFoundException'{0x000000008b7bb068}: groovy/util/BuilderSupportBeanInfo> (0x000000008b7bb068) 
thrown [s\src\hotspot\share\classfile\systemDictionary.cpp, line 256]
Event: 56.948 Thread 0x0000024034fb62f0 Exception <a 'java/lang/ClassNotFoundException'{0x000000008b621948}: groovy/util/BuilderSupportCustomizer> (0x000000008b621948) 
thrown [s\src\hotspot\share\classfile\systemDictionary.cpp, line 256]
Event: 56.950 Thread 0x0000024034fb62f0 Exception <a 'java/lang/ClassNotFoundException'{0x000000008b63b380}: groovy/ant/AntBuilderCustomizer> (0x000000008b63b380) 
thrown [s\src\hotspot\share\classfile\systemDictionary.cpp, line 256]
Event: 56.951 Thread 0x0000024034fb62f0 Exception <a 'java/lang/ClassNotFoundException'{0x000000008b655708}: org/gradle/api/AntBuilderCustomizer> (0x000000008b655708) 
thrown [s\src\hotspot\share\classfile\systemDictionary.cpp, line 256]
Event: 56.953 Thread 0x0000024034fb62f0 Exception <a 'java/lang/ClassNotFoundException'{0x000000008b676b98}: org/gradle/api/internal/project/ant/BasicAntBuilderCustomizer> (0x000000008b676b98) 
thrown [s\src\hotspot\share\classfile\systemDictionary.cpp, line 256]
Event: 56.955 Thread 0x0000024034fb62f0 Exception <a 'java/lang/ClassNotFoundException'{0x000000008b69fa28}: org/gradle/api/internal/project/DefaultAntBuilderCustomizer> (0x000000008b69fa28) 
thrown [s\src\hotspot\share\classfile\systemDictionary.cpp, line 256]
Event: 57.193 Thread 0x0000024034fb62f0 Exception <a 'java/lang/NoSuchMethodError'{0x000000008b2a9f00}: 'org.gradle.internal.buildoption.BuildOption$Value org.gradle.api.internal.StartParameterInternal.getIsolatedProjects()'> (0x000000008b2a9f00) 
thrown [s\src\hotspot\share\interpreter\linkResolver.cpp, line 771]

VM Operations (20 events):
Event: 53.088 Executing VM operation: G1CollectForAllocation
Event: 53.094 Executing VM operation: G1CollectForAllocation done
Event: 53.225 Executing VM operation: HandshakeAllThreads
Event: 53.225 Executing VM operation: HandshakeAllThreads done
Event: 53.297 Executing VM operation: G1Concurrent
Event: 53.314 Executing VM operation: G1Concurrent done
Event: 53.395 Executing VM operation: G1Concurrent
Event: 53.395 Executing VM operation: G1Concurrent done
Event: 54.345 Executing VM operation: G1CollectForAllocation
Event: 54.358 Executing VM operation: G1CollectForAllocation done
Event: 54.565 Executing VM operation: G1CollectForAllocation
Event: 54.576 Executing VM operation: G1CollectForAllocation done
Event: 55.583 Executing VM operation: Cleanup
Event: 55.583 Executing VM operation: Cleanup done
Event: 56.586 Executing VM operation: Cleanup
Event: 56.586 Executing VM operation: Cleanup done
Event: 57.282 Executing VM operation: G1CollectForAllocation
Event: 57.297 Executing VM operation: G1CollectForAllocation done
Event: 57.297 Executing VM operation: HandshakeAllThreads
Event: 57.297 Executing VM operation: HandshakeAllThreads done

Events (20 events):
Event: 56.805 loading class java/util/TreeMap$TreeMapSpliterator
Event: 56.805 loading class java/util/TreeMap$TreeMapSpliterator done
Event: 56.805 loading class java/util/TreeMap$EntrySpliterator done
Event: 56.855 loading class java/util/Stack
Event: 56.855 loading class java/util/Stack done
Event: 56.876 loading class org/xml/sax/ContentHandler
Event: 56.876 loading class org/xml/sax/ContentHandler done
Event: 56.876 loading class org/xml/sax/EntityResolver
Event: 56.876 loading class org/xml/sax/EntityResolver done
Event: 56.876 loading class org/xml/sax/DTDHandler
Event: 56.877 loading class org/xml/sax/DTDHandler done
Event: 56.892 loading class java/util/Spliterators$IntArraySpliterator
Event: 56.892 loading class java/util/Spliterators$IntArraySpliterator done
Event: 56.899 loading class java/text/ParsePosition
Event: 56.899 loading class java/text/ParsePosition done
Event: 56.908 loading class java/text/CharacterIterator
Event: 56.909 loading class java/text/CharacterIterator done
Event: 56.985 Thread 0x0000024036557ed0 Thread added: 0x0000024036557ed0
Event: 57.011 loading class java/time/format/DateTimeFormatterBuilder$WeekBasedFieldPrinterParser
Event: 57.011 loading class java/time/format/DateTimeFormatterBuilder$WeekBasedFieldPrinterParser done


Dynamic libraries:
0x00007ff7ebb80000 - 0x00007ff7ebb8a000 	C:\Program Files\Android\Android Studio\jbr\bin\java.exe
0x00007ffab5030000 - 0x00007ffab5228000 	C:\WINDOWS\SYSTEM32\ntdll.dll
0x00007ffab3480000 - 0x00007ffab353f000 	C:\WINDOWS\System32\KERNEL32.DLL
0x00007ffab2a50000 - 0x00007ffab2d46000 	C:\WINDOWS\System32\KERNELBASE.dll
0x00007ffab2f90000 - 0x00007ffab3090000 	C:\WINDOWS\System32\ucrtbase.dll
0x00007ffaae130000 - 0x00007ffaae14b000 	C:\Program Files\Android\Android Studio\jbr\bin\VCRUNTIME140.dll
0x00007ffaae150000 - 0x00007ffaae167000 	C:\Program Files\Android\Android Studio\jbr\bin\jli.dll
0x00007ffab4c40000 - 0x00007ffab4ddd000 	C:\WINDOWS\System32\USER32.dll
0x00007ffab2710000 - 0x00007ffab2732000 	C:\WINDOWS\System32\win32u.dll
0x00007ffa9fcf0000 - 0x00007ffa9ff8a000 	C:\WINDOWS\WinSxS\amd64_microsoft.windows.common-controls_6595b64144ccf1df_6.0.19041.1110_none_60b5254171f9507e\COMCTL32.dll
0x00007ffab3270000 - 0x00007ffab329c000 	C:\WINDOWS\System32\GDI32.dll
0x00007ffab4e40000 - 0x00007ffab4ede000 	C:\WINDOWS\System32\msvcrt.dll
0x00007ffab2e70000 - 0x00007ffab2f85000 	C:\WINDOWS\System32\gdi32full.dll
0x00007ffab29b0000 - 0x00007ffab2a4d000 	C:\WINDOWS\System32\msvcp_win.dll
0x00007ffab4a80000 - 0x00007ffab4ab0000 	C:\WINDOWS\System32\IMM32.DLL
0x00007ffaae120000 - 0x00007ffaae12c000 	C:\Program Files\Android\Android Studio\jbr\bin\vcruntime140_1.dll
0x00007ffa954e0000 - 0x00007ffa9556d000 	C:\Program Files\Android\Android Studio\jbr\bin\msvcp140.dll
0x00007ffa84ec0000 - 0x00007ffa85b2d000 	C:\Program Files\Android\Android Studio\jbr\bin\server\jvm.dll
0x00007ffab4f40000 - 0x00007ffab4fef000 	C:\WINDOWS\System32\ADVAPI32.dll
0x00007ffab33e0000 - 0x00007ffab347c000 	C:\WINDOWS\System32\sechost.dll
0x00007ffab4710000 - 0x00007ffab4836000 	C:\WINDOWS\System32\RPCRT4.dll
0x00007ffaacb50000 - 0x00007ffaacb59000 	C:\WINDOWS\SYSTEM32\WSOCK32.dll
0x00007ffaa0e80000 - 0x00007ffaa0ea7000 	C:\WINDOWS\SYSTEM32\WINMM.dll
0x00007ffab45a0000 - 0x00007ffab460b000 	C:\WINDOWS\System32\WS2_32.dll
0x00007ffaa7370000 - 0x00007ffaa737a000 	C:\WINDOWS\SYSTEM32\VERSION.dll
0x00007ffab05c0000 - 0x00007ffab05d2000 	C:\WINDOWS\SYSTEM32\kernel.appcore.dll
0x00007ffaad710000 - 0x00007ffaad71a000 	C:\Program Files\Android\Android Studio\jbr\bin\jimage.dll
0x00007ffaa0800000 - 0x00007ffaa09e4000 	C:\WINDOWS\SYSTEM32\DBGHELP.DLL
0x00007ffaa0b40000 - 0x00007ffaa0b74000 	C:\WINDOWS\SYSTEM32\dbgcore.DLL
0x00007ffab2770000 - 0x00007ffab27f2000 	C:\WINDOWS\System32\bcryptPrimitives.dll
0x00007ffaacb60000 - 0x00007ffaacb85000 	C:\Program Files\Android\Android Studio\jbr\bin\java.dll
0x00007ffa9ef90000 - 0x00007ffa9efa8000 	C:\Program Files\Android\Android Studio\jbr\bin\zip.dll
0x00007ffab3680000 - 0x00007ffab3dc4000 	C:\WINDOWS\System32\SHELL32.dll
0x00007ffab07c0000 - 0x00007ffab0f53000 	C:\WINDOWS\SYSTEM32\windows.storage.dll
0x00007ffab3dd0000 - 0x00007ffab4124000 	C:\WINDOWS\System32\combase.dll
0x00007ffab2160000 - 0x00007ffab218e000 	C:\WINDOWS\SYSTEM32\Wldp.dll
0x00007ffab3090000 - 0x00007ffab313d000 	C:\WINDOWS\System32\SHCORE.dll
0x00007ffab4ee0000 - 0x00007ffab4f35000 	C:\WINDOWS\System32\shlwapi.dll
0x00007ffab2650000 - 0x00007ffab266f000 	C:\WINDOWS\SYSTEM32\profapi.dll
0x00007ffa9b510000 - 0x00007ffa9b529000 	C:\Program Files\Android\Android Studio\jbr\bin\net.dll
0x00007ffaaa8a0000 - 0x00007ffaaa9aa000 	C:\WINDOWS\SYSTEM32\WINHTTP.dll
0x00007ffab1ec0000 - 0x00007ffab1f2a000 	C:\WINDOWS\system32\mswsock.dll
0x00007ffa9b1a0000 - 0x00007ffa9b1b6000 	C:\Program Files\Android\Android Studio\jbr\bin\nio.dll
0x00007ffa9edc0000 - 0x00007ffa9edd0000 	C:\Program Files\Android\Android Studio\jbr\bin\verify.dll
0x00007ffaae200000 - 0x00007ffaae227000 	C:\Users\Ronak\.gradle\native\68d5fa5c4cc2d200863cafc0d521ce42e7d3e7ee720ec0a83991735586a16f82\windows-amd64\native-platform.dll
0x00007ffa8d800000 - 0x00007ffa8d944000 	C:\Users\Ronak\.gradle\native\e376f236ea51e6404a007f0833ffe2c6e607c4080706a723a18a27aeea778392\windows-amd64\native-platform-file-events.dll
0x00007ffaad5e0000 - 0x00007ffaad5e9000 	C:\Program Files\Android\Android Studio\jbr\bin\management.dll
0x00007ffa9ef80000 - 0x00007ffa9ef8b000 	C:\Program Files\Android\Android Studio\jbr\bin\management_ext.dll
0x00007ffab4700000 - 0x00007ffab4708000 	C:\WINDOWS\System32\PSAPI.DLL
0x00007ffab20b0000 - 0x00007ffab20c8000 	C:\WINDOWS\SYSTEM32\CRYPTSP.dll
0x00007ffab1770000 - 0x00007ffab17a4000 	C:\WINDOWS\system32\rsaenh.dll
0x00007ffab2740000 - 0x00007ffab2767000 	C:\WINDOWS\System32\bcrypt.dll
0x00007ffab25d0000 - 0x00007ffab25fe000 	C:\WINDOWS\SYSTEM32\USERENV.dll
0x00007ffab20d0000 - 0x00007ffab20dc000 	C:\WINDOWS\SYSTEM32\CRYPTBASE.dll
0x00007ffab1b40000 - 0x00007ffab1b7c000 	C:\WINDOWS\SYSTEM32\IPHLPAPI.DLL
0x00007ffab4610000 - 0x00007ffab4618000 	C:\WINDOWS\System32\NSI.dll
0x00007ffaaba90000 - 0x00007ffaabaa7000 	C:\WINDOWS\SYSTEM32\dhcpcsvc6.DLL
0x00007ffaac530000 - 0x00007ffaac54d000 	C:\WINDOWS\SYSTEM32\dhcpcsvc.DLL
0x00007ffab1b80000 - 0x00007ffab1c4a000 	C:\WINDOWS\SYSTEM32\DNSAPI.dll
0x00007ffa9e0c0000 - 0x00007ffa9e0c7000 	C:\WINDOWS\system32\wshunix.dll
0x00007ffaa56e0000 - 0x00007ffaa56ea000 	C:\Windows\System32\rasadhlp.dll
0x00007ffaa7170000 - 0x00007ffaa71f2000 	C:\WINDOWS\System32\fwpuclnt.dll

dbghelp: loaded successfully - version: 4.0.5 - missing functions: none
symbol engine: initialized successfully - sym options: 0x614 - pdb path: .;C:\Program Files\Android\Android Studio\jbr\bin;C:\WINDOWS\SYSTEM32;C:\WINDOWS\WinSxS\amd64_microsoft.windows.common-controls_6595b64144ccf1df_6.0.19041.1110_none_60b5254171f9507e;C:\Program Files\Android\Android Studio\jbr\bin\server;C:\Users\Ronak\.gradle\native\68d5fa5c4cc2d200863cafc0d521ce42e7d3e7ee720ec0a83991735586a16f82\windows-amd64;C:\Users\Ronak\.gradle\native\e376f236ea51e6404a007f0833ffe2c6e607c4080706a723a18a27aeea778392\windows-amd64

VM Arguments:
jvm_args: --add-opens=java.base/java.util=ALL-UNNAMED --add-opens=java.base/java.lang=ALL-UNNAMED --add-opens=java.base/java.lang.invoke=ALL-UNNAMED --add-opens=java.prefs/java.util.prefs=ALL-UNNAMED --add-opens=java.base/java.nio.charset=ALL-UNNAMED --add-opens=java.base/java.net=ALL-UNNAMED --add-opens=java.base/java.util.concurrent.atomic=ALL-UNNAMED -Xmx2048m -Dfile.encoding=UTF-8 -Duser.country=IN -Duser.language=en -Duser.variant 
java_command: org.gradle.launcher.daemon.bootstrap.GradleDaemon 8.0
java_class_path (initial): C:\Users\Ronak\.gradle\wrapper\dists\gradle-8.0-bin\ca5e32bp14vu59qr306oxotwh\gradle-8.0\lib\gradle-launcher-8.0.jar
Launcher Type: SUN_STANDARD

[Global flags]
     intx CICompilerCount                          = 3                                         {product} {ergonomic}
     uint ConcGCThreads                            = 1                                         {product} {ergonomic}
     uint G1ConcRefinementThreads                  = 4                                         {product} {ergonomic}
   size_t G1HeapRegionSize                         = 1048576                                   {product} {ergonomic}
    uintx GCDrainStackTargetSize                   = 64                                        {product} {ergonomic}
   size_t InitialHeapSize                          = 201326592                                 {product} {ergonomic}
   size_t MarkStackSize                            = 4194304                                   {product} {ergonomic}
   size_t MaxHeapSize                              = 2147483648                                {product} {command line}
   size_t MaxNewSize                               = 1287651328                                {product} {ergonomic}
   size_t MinHeapDeltaBytes                        = 1048576                                   {product} {ergonomic}
   size_t MinHeapSize                              = 8388608                                   {product} {ergonomic}
    uintx NonNMethodCodeHeapSize                   = 5832780                                {pd product} {ergonomic}
    uintx NonProfiledCodeHeapSize                  = 122912730                              {pd product} {ergonomic}
    uintx ProfiledCodeHeapSize                     = 122912730                              {pd product} {ergonomic}
    uintx ReservedCodeCacheSize                    = 251658240                              {pd product} {ergonomic}
     bool SegmentedCodeCache                       = true                                      {product} {ergonomic}
   size_t SoftMaxHeapSize                          = 2147483648                             {manageable} {ergonomic}
     bool UseCompressedClassPointers               = true                           {product lp64_product} {ergonomic}
     bool UseCompressedOops                        = true                           {product lp64_product} {ergonomic}
     bool UseG1GC                                  = true                                      {product} {ergonomic}
     bool UseLargePagesIndividualAllocation        = false                                  {pd product} {ergonomic}

Logging:
Log output configuration:
 #0: stdout all=warning uptime,level,tags
 #1: stderr all=off uptime,level,tags

Environment Variables:
JAVA_HOME=C:\Program Files\Java\jdk-16.0.1
PATH=C:\Program Files\Common Files\Oracle\Java\javapath;C:\WINDOWS\system32;C:\WINDOWS;C:\WINDOWS\System32\Wbem;C:\WINDOWS\System32\WindowsPowerShell\v1.0\;C:\WINDOWS\System32\OpenSSH\;C:\Program Files\Java\jdk-16.0.1\bin;C:\Program Files\Git\cmd;C:\Users\Ronak\AppData\Local\Microsoft\WindowsApps;C:\Users\Ronak\AppData\Local\Programs\Python\Python39;C:\Users\Ronak\AppData\Local\Android\Sdk\platform-tools-2;C:\Program Files\JetBrains\IntelliJ IDEA Community Edition 2021.3.1\bin;C:\FlutterSDK\flutter\bin;C:\Program Files\JetBrains\IntelliJ IDEA Community Edition 2021.3.1\bin;C:\Users\Ronak\AppData\Local\Programs\Microsoft VS Code\bin;C:\Program Files\Java\jdk-17\bin
USERNAME=Ronak
OS=Windows_NT
PROCESSOR_IDENTIFIER=Intel64 Family 6 Model 69 Stepping 1, GenuineIntel
TMP=C:\Users\Ronak\AppData\Local\Temp
TEMP=C:\Users\Ronak\AppData\Local\Temp



---------------  S Y S T E M  ---------------

OS:
 Windows 10 , 64 bit Build 19041 (10.0.19041.3031)
OS uptime: 0 days 0:12 hours

CPU: total 4 (initial active 4) (2 cores per cpu, 2 threads per core) family 6 model 69 stepping 1 microcode 0x25, cx8, cmov, fxsr, ht, mmx, sse, sse2, sse3, ssse3, sse4.1, sse4.2, popcnt, lzcnt, tsc, tscinvbit, avx, avx2, aes, erms, clmul, bmi1, bmi2, fma, vzeroupper, clflush

Memory: 4k page, system-wide physical 12169M (5167M free)
TotalPageFile size 14025M (AvailPageFile size 7472M)
current process WorkingSet (physical memory assigned to process): 448M, peak: 449M
current process commit charge ("private bytes"): 477M, peak: 478M

vm_info: OpenJDK 64-Bit Server VM (17.0.6+0-b2043.56-9586694) for windows-amd64 JRE (17.0.6+0-b2043.56-9586694), built on Feb  9 2023 20:06:20 by "androidbuild" with MS VC++ 16.10 / 16.11 (VS2019)

END.
